Send Packet Info:
	Sender ID: 0
	Receiver ID: 1
	Packet Content: Message number 1 from process 0
	Sender Clock:
		Local logical clock:[1 0 0]
		Local process vectors:

-------------

Send Packet Info:
	Sender ID: 0
	Receiver ID: 2
	Packet Content: Message number 1 from process 0
	Sender Clock:
		Local logical clock:[2 0 0]
		Local process vectors:
			<P_1: [1 0 0]>

-------------

Send Packet Info:
	Sender ID: 0
	Receiver ID: 1
	Packet Content: Message number 2 from process 0
	Sender Clock:
		Local logical clock:[3 0 0]
		Local process vectors:
			<P_1: [1 0 0]>
			<P_2: [2 0 0]>

-------------

Send Packet Info:
	Sender ID: 0
	Receiver ID: 1
	Packet Content: Message number 3 from process 0
	Sender Clock:
		Local logical clock:[4 0 0]
		Local process vectors:
			<P_1: [3 0 0]>
			<P_2: [2 0 0]>

-------------

Send Packet Info:
	Sender ID: 0
	Receiver ID: 2
	Packet Content: Message number 2 from process 0
	Sender Clock:
		Local logical clock:[6 2 0]
		Local process vectors:
			<P_1: [4 0 0]>
			<P_2: [2 1 0]>

-------------

Send Packet Info:
	Sender ID: 0
	Receiver ID: 2
	Packet Content: Message number 3 from process 0
	Sender Clock:
		Local logical clock:[8 2 1]
		Local process vectors:
			<P_1: [4 0 0]>
			<P_2: [6 2 0]>

-------------

