Send Packet Info:
	Sender ID: 1
	Receiver ID: 2
	Packet Content: Message number 1 from process 1
	Sender Clock:
		Local logical clock:[0 1 0]
		Local process vectors:

-------------

Send Packet Info:
	Sender ID: 1
	Receiver ID: 0
	Packet Content: Message number 1 from process 1
	Sender Clock:
		Local logical clock:[0 2 0]
		Local process vectors:
			<P_2: [0 1 0]>

-------------

Send Packet Info:
	Sender ID: 1
	Receiver ID: 0
	Packet Content: Message number 2 from process 1
	Sender Clock:
		Local logical clock:[4 7 2]
		Local process vectors:
			<P_0: [0 2 1]>
			<P_2: [2 1 0]>

-------------

Send Packet Info:
	Sender ID: 1
	Receiver ID: 0
	Packet Content: Message number 3 from process 1
	Sender Clock:
		Local logical clock:[4 9 5]
		Local process vectors:
			<P_0: [4 7 2]>
			<P_2: [2 1 0]>

-------------

Send Packet Info:
	Sender ID: 1
	Receiver ID: 2
	Packet Content: Message number 2 from process 1
	Sender Clock:
		Local logical clock:[4 10 5]
		Local process vectors:
			<P_0: [4 9 5]>
			<P_2: [2 1 0]>

-------------

Send Packet Info:
	Sender ID: 1
	Receiver ID: 2
	Packet Content: Message number 3 from process 1
	Sender Clock:
		Local logical clock:[6 12 9]
		Local process vectors:
			<P_0: [6 9 7]>
			<P_2: [4 10 5]>

-------------

