Received Packet Info BEFORE DELIVERED:
	Sender ID: 0
	Receiver ID: 1
	Packet Content: Message number 1 from process 0
	Packet Clock:
		t_m: [-1 -1 -1]
		tP_snd: [-1 -1 -1]
	Receiver Logical Clock (tP_rcv):
		[0 2 0]
	Status: delivering
	Delivery Condition: [0 2 0] > [-1 -1 -1]

-------------

Received Packet Info BEFORE DELIVERED:
	Sender ID: 2
	Receiver ID: 1
	Packet Content: Message number 1 from process 2
	Packet Clock:
		t_m: [-1 -1 -1]
		tP_snd: [-1 -1 -1]
	Receiver Logical Clock (tP_rcv):
		[1 3 0]
	Status: delivering
	Delivery Condition: [1 3 0] > [-1 -1 -1]

-------------

Received Packet Info BEFORE DELIVERED:
	Sender ID: 0
	Receiver ID: 1
	Packet Content: Message number 2 from process 0
	Packet Clock:
		t_m: [1 0 0]
		tP_snd: [1 0 0]
	Receiver Logical Clock (tP_rcv):
		[1 4 2]
	Status: delivering
	Delivery Condition: [1 4 2] > [1 0 0]

-------------

Received Packet Info BEFORE DELIVERED:
	Sender ID: 0
	Receiver ID: 1
	Packet Content: Message number 3 from process 0
	Packet Clock:
		t_m: [3 0 0]
		tP_snd: [3 0 0]
	Receiver Logical Clock (tP_rcv):
		[3 5 2]
	Status: delivering
	Delivery Condition: [3 5 2] > [3 0 0]

-------------

Received Packet Info BEFORE DELIVERED:
	Sender ID: 2
	Receiver ID: 1
	Packet Content: Message number 2 from process 2
	Packet Clock:
		t_m: [1 0 2]
		tP_snd: [1 0 2]
	Receiver Logical Clock (tP_rcv):
		[4 7 2]
	Status: delivering
	Delivery Condition: [4 7 2] > [1 0 2]

-------------

Received Packet Info BEFORE DELIVERED:
	Sender ID: 2
	Receiver ID: 1
	Packet Content: Message number 3 from process 2
	Packet Clock:
		t_m: [4 1 5]
		tP_snd: [4 1 5]
	Receiver Logical Clock (tP_rcv):
		[4 10 5]
	Status: delivering
	Delivery Condition: [4 10 5] > [4 1 5]

-------------

