Received Packet Info BEFORE DELIVERED:
	Sender ID: 0
	Receiver ID: 2
	Packet Content: Message number 1 from process 0
	Packet Clock:
		t_m: [-1 -1 -1]
		tP_snd: [-1 -1 -1]
	Receiver Logical Clock (tP_rcv):
		[0 0 2]
	Status: delivering
	Delivery Condition: [0 0 2] > [-1 -1 -1]

-------------

Received Packet Info BEFORE DELIVERED:
	Sender ID: 1
	Receiver ID: 2
	Packet Content: Message number 1 from process 1
	Packet Clock:
		t_m: [-1 -1 -1]
		tP_snd: [-1 -1 -1]
	Receiver Logical Clock (tP_rcv):
		[2 0 3]
	Status: delivering
	Delivery Condition: [2 0 3] > [-1 -1 -1]

-------------

Received Packet Info BEFORE DELIVERED:
	Sender ID: 0
	Receiver ID: 2
	Packet Content: Message number 2 from process 0
	Packet Clock:
		t_m: [2 1 0]
		tP_snd: [2 1 0]
	Receiver Logical Clock (tP_rcv):
		[2 1 5]
	Status: delivering
	Delivery Condition: [2 1 5] > [2 1 0]

-------------

Received Packet Info BEFORE DELIVERED:
	Sender ID: 1
	Receiver ID: 2
	Packet Content: Message number 2 from process 1
	Packet Clock:
		t_m: [2 1 0]
		tP_snd: [2 1 0]
	Receiver Logical Clock (tP_rcv):
		[6 2 7]
	Status: delivering
	Delivery Condition: [6 2 7] > [2 1 0]

-------------

Received Packet Info BEFORE DELIVERED:
	Sender ID: 0
	Receiver ID: 2
	Packet Content: Message number 3 from process 0
	Packet Clock:
		t_m: [6 2 0]
		tP_snd: [6 2 0]
	Receiver Logical Clock (tP_rcv):
		[6 10 9]
	Status: delivering
	Delivery Condition: [6 10 9] > [6 2 0]

-------------

Received Packet Info BEFORE DELIVERED:
	Sender ID: 1
	Receiver ID: 2
	Packet Content: Message number 3 from process 1
	Packet Clock:
		t_m: [4 10 5]
		tP_snd: [4 10 5]
	Receiver Logical Clock (tP_rcv):
		[8 10 11]
	Status: delivering
	Delivery Condition: [8 10 11] > [4 10 5]

-------------

