Send Packet Info:
	Sender ID: 2
	Receiver ID: 0
	Packet Content: Message number 1 from process 2
	Sender Clock:
		Local logical clock:[0 0 1]
		Local process vectors:

-------------

Send Packet Info:
	Sender ID: 2
	Receiver ID: 1
	Packet Content: Message number 1 from process 2
	Sender Clock:
		Local logical clock:[0 0 2]
		Local process vectors:
			<P_0: [0 0 1]>

-------------

Send Packet Info:
	Sender ID: 2
	Receiver ID: 1
	Packet Content: Message number 2 from process 2
	Sender Clock:
		Local logical clock:[2 1 5]
		Local process vectors:
			<P_0: [0 0 1]>
			<P_1: [1 0 2]>

-------------

Send Packet Info:
	Sender ID: 2
	Receiver ID: 0
	Packet Content: Message number 2 from process 2
	Sender Clock:
		Local logical clock:[6 2 7]
		Local process vectors:
			<P_0: [0 0 1]>
			<P_1: [4 1 5]>

-------------

Send Packet Info:
	Sender ID: 2
	Receiver ID: 1
	Packet Content: Message number 3 from process 2
	Sender Clock:
		Local logical clock:[6 10 9]
		Local process vectors:
			<P_0: [6 9 7]>
			<P_1: [4 1 5]>

-------------

Send Packet Info:
	Sender ID: 2
	Receiver ID: 0
	Packet Content: Message number 3 from process 2
	Sender Clock:
		Local logical clock:[8 10 11]
		Local process vectors:
			<P_0: [6 9 7]>
			<P_1: [6 10 9]>

-------------

