Current Time: 2023-03-09T18:09:42.147Z
Send Packet Info:
	Sender ID: 0
	Receiver ID: 1
	Packet Content: Message number 1 from process 0
	Sender Clock:
		Local logical clock:[1 0]
		Local process vectors:

-------------

Current Time: 2023-03-09T18:09:42.429Z
Send Packet Info:
	Sender ID: 0
	Receiver ID: 1
	Packet Content: Message number 2 from process 0
	Sender Clock:
		Local logical clock:[3 1]
		Local process vectors:
			<P_1: [1 0]>

-------------

Current Time: 2023-03-09T18:09:42.787Z
Send Packet Info:
	Sender ID: 0
	Receiver ID: 1
	Packet Content: Message number 3 from process 0
	Sender Clock:
		Local logical clock:[4 1]
		Local process vectors:
			<P_1: [3 1]>

-------------

Current Time: 2023-03-09T18:09:43.474Z
Send Packet Info:
	Sender ID: 0
	Receiver ID: 1
	Packet Content: Message number 4 from process 0
	Sender Clock:
		Local logical clock:[6 5]
		Local process vectors:
			<P_1: [4 1]>

-------------

Current Time: 2023-03-09T18:09:43.612Z
Send Packet Info:
	Sender ID: 0
	Receiver ID: 1
	Packet Content: Message number 5 from process 0
	Sender Clock:
		Local logical clock:[7 5]
		Local process vectors:
			<P_1: [6 5]>

-------------

Current Time: 2023-03-09T18:09:44.494Z
Send Packet Info:
	Sender ID: 0
	Receiver ID: 1
	Packet Content: Message number 6 from process 0
	Sender Clock:
		Local logical clock:[11 10]
		Local process vectors:
			<P_1: [7 5]>

-------------

Current Time: 2023-03-09T18:09:45.413Z
Send Packet Info:
	Sender ID: 0
	Receiver ID: 1
	Packet Content: Message number 7 from process 0
	Sender Clock:
		Local logical clock:[13 12]
		Local process vectors:
			<P_1: [11 10]>

-------------

Current Time: 2023-03-09T18:09:45.787Z
Send Packet Info:
	Sender ID: 0
	Receiver ID: 1
	Packet Content: Message number 8 from process 0
	Sender Clock:
		Local logical clock:[14 12]
		Local process vectors:
			<P_1: [13 12]>

-------------

Current Time: 2023-03-09T18:09:45.926Z
Send Packet Info:
	Sender ID: 0
	Receiver ID: 1
	Packet Content: Message number 9 from process 0
	Sender Clock:
		Local logical clock:[15 12]
		Local process vectors:
			<P_1: [14 12]>

-------------

Current Time: 2023-03-09T18:09:46.282Z
Send Packet Info:
	Sender ID: 0
	Receiver ID: 1
	Packet Content: Message number 10 from process 0
	Sender Clock:
		Local logical clock:[17 13]
		Local process vectors:
			<P_1: [15 12]>

-------------

Current Time: 2023-03-09T18:09:46.793Z
Send Packet Info:
	Sender ID: 0
	Receiver ID: 1
	Packet Content: Message number 11 from process 0
	Sender Clock:
		Local logical clock:[18 13]
		Local process vectors:
			<P_1: [17 13]>

-------------

Current Time: 2023-03-09T18:09:47.363Z
Send Packet Info:
	Sender ID: 0
	Receiver ID: 1
	Packet Content: Message number 12 from process 0
	Sender Clock:
		Local logical clock:[22 21]
		Local process vectors:
			<P_1: [18 13]>

-------------

Current Time: 2023-03-09T18:09:47.951Z
Send Packet Info:
	Sender ID: 0
	Receiver ID: 1
	Packet Content: Message number 13 from process 0
	Sender Clock:
		Local logical clock:[24 23]
		Local process vectors:
			<P_1: [22 21]>

-------------

Current Time: 2023-03-09T18:09:48.833Z
Send Packet Info:
	Sender ID: 0
	Receiver ID: 1
	Packet Content: Message number 14 from process 0
	Sender Clock:
		Local logical clock:[27 26]
		Local process vectors:
			<P_1: [24 23]>

-------------

Current Time: 2023-03-09T18:09:49.450Z
Send Packet Info:
	Sender ID: 0
	Receiver ID: 1
	Packet Content: Message number 15 from process 0
	Sender Clock:
		Local logical clock:[29 28]
		Local process vectors:
			<P_1: [27 26]>

-------------

Current Time: 2023-03-09T18:09:50.025Z
Send Packet Info:
	Sender ID: 0
	Receiver ID: 1
	Packet Content: Message number 16 from process 0
	Sender Clock:
		Local logical clock:[31 29]
		Local process vectors:
			<P_1: [29 28]>

-------------

Current Time: 2023-03-09T18:09:50.600Z
Send Packet Info:
	Sender ID: 0
	Receiver ID: 1
	Packet Content: Message number 17 from process 0
	Sender Clock:
		Local logical clock:[32 29]
		Local process vectors:
			<P_1: [31 29]>

-------------

Current Time: 2023-03-09T18:09:51.191Z
Send Packet Info:
	Sender ID: 0
	Receiver ID: 1
	Packet Content: Message number 18 from process 0
	Sender Clock:
		Local logical clock:[36 35]
		Local process vectors:
			<P_1: [32 29]>

-------------

Current Time: 2023-03-09T18:09:51.872Z
Send Packet Info:
	Sender ID: 0
	Receiver ID: 1
	Packet Content: Message number 19 from process 0
	Sender Clock:
		Local logical clock:[37 35]
		Local process vectors:
			<P_1: [36 35]>

-------------

Current Time: 2023-03-09T18:09:52.214Z
Send Packet Info:
	Sender ID: 0
	Receiver ID: 1
	Packet Content: Message number 20 from process 0
	Sender Clock:
		Local logical clock:[39 38]
		Local process vectors:
			<P_1: [37 35]>

-------------

Current Time: 2023-03-09T18:09:52.400Z
Send Packet Info:
	Sender ID: 0
	Receiver ID: 1
	Packet Content: Message number 21 from process 0
	Sender Clock:
		Local logical clock:[40 38]
		Local process vectors:
			<P_1: [39 38]>

-------------

Current Time: 2023-03-09T18:09:52.571Z
Send Packet Info:
	Sender ID: 0
	Receiver ID: 1
	Packet Content: Message number 22 from process 0
	Sender Clock:
		Local logical clock:[41 38]
		Local process vectors:
			<P_1: [40 38]>

-------------

Current Time: 2023-03-09T18:09:53.280Z
Send Packet Info:
	Sender ID: 0
	Receiver ID: 1
	Packet Content: Message number 23 from process 0
	Sender Clock:
		Local logical clock:[43 40]
		Local process vectors:
			<P_1: [41 38]>

-------------

Current Time: 2023-03-09T18:09:53.668Z
Send Packet Info:
	Sender ID: 0
	Receiver ID: 1
	Packet Content: Message number 24 from process 0
	Sender Clock:
		Local logical clock:[44 40]
		Local process vectors:
			<P_1: [43 40]>

-------------

Current Time: 2023-03-09T18:09:54.336Z
Send Packet Info:
	Sender ID: 0
	Receiver ID: 1
	Packet Content: Message number 25 from process 0
	Sender Clock:
		Local logical clock:[47 46]
		Local process vectors:
			<P_1: [44 40]>

-------------

Current Time: 2023-03-09T18:09:54.553Z
Send Packet Info:
	Sender ID: 0
	Receiver ID: 1
	Packet Content: Message number 26 from process 0
	Sender Clock:
		Local logical clock:[48 46]
		Local process vectors:
			<P_1: [47 46]>

-------------

Current Time: 2023-03-09T18:09:55.526Z
Send Packet Info:
	Sender ID: 0
	Receiver ID: 1
	Packet Content: Message number 27 from process 0
	Sender Clock:
		Local logical clock:[51 50]
		Local process vectors:
			<P_1: [48 46]>

-------------

Current Time: 2023-03-09T18:09:56.006Z
Send Packet Info:
	Sender ID: 0
	Receiver ID: 1
	Packet Content: Message number 28 from process 0
	Sender Clock:
		Local logical clock:[53 51]
		Local process vectors:
			<P_1: [51 50]>

-------------

Current Time: 2023-03-09T18:09:56.455Z
Send Packet Info:
	Sender ID: 0
	Receiver ID: 1
	Packet Content: Message number 29 from process 0
	Sender Clock:
		Local logical clock:[55 54]
		Local process vectors:
			<P_1: [53 51]>

-------------

Current Time: 2023-03-09T18:09:57.338Z
Send Packet Info:
	Sender ID: 0
	Receiver ID: 1
	Packet Content: Message number 30 from process 0
	Sender Clock:
		Local logical clock:[56 54]
		Local process vectors:
			<P_1: [55 54]>

-------------

Current Time: 2023-03-09T18:09:58.009Z
Send Packet Info:
	Sender ID: 0
	Receiver ID: 1
	Packet Content: Message number 31 from process 0
	Sender Clock:
		Local logical clock:[58 56]
		Local process vectors:
			<P_1: [56 54]>

-------------

Current Time: 2023-03-09T18:09:58.459Z
Send Packet Info:
	Sender ID: 0
	Receiver ID: 1
	Packet Content: Message number 32 from process 0
	Sender Clock:
		Local logical clock:[60 58]
		Local process vectors:
			<P_1: [58 56]>

-------------

Current Time: 2023-03-09T18:09:58.710Z
Send Packet Info:
	Sender ID: 0
	Receiver ID: 1
	Packet Content: Message number 33 from process 0
	Sender Clock:
		Local logical clock:[61 58]
		Local process vectors:
			<P_1: [60 58]>

-------------

Current Time: 2023-03-09T18:09:59.349Z
Send Packet Info:
	Sender ID: 0
	Receiver ID: 1
	Packet Content: Message number 34 from process 0
	Sender Clock:
		Local logical clock:[63 62]
		Local process vectors:
			<P_1: [61 58]>

-------------

Current Time: 2023-03-09T18:10:00.282Z
Send Packet Info:
	Sender ID: 0
	Receiver ID: 1
	Packet Content: Message number 35 from process 0
	Sender Clock:
		Local logical clock:[67 66]
		Local process vectors:
			<P_1: [63 62]>

-------------

Current Time: 2023-03-09T18:10:00.917Z
Send Packet Info:
	Sender ID: 0
	Receiver ID: 1
	Packet Content: Message number 36 from process 0
	Sender Clock:
		Local logical clock:[68 66]
		Local process vectors:
			<P_1: [67 66]>

-------------

Current Time: 2023-03-09T18:10:01.916Z
Send Packet Info:
	Sender ID: 0
	Receiver ID: 1
	Packet Content: Message number 37 from process 0
	Sender Clock:
		Local logical clock:[72 71]
		Local process vectors:
			<P_1: [68 66]>

-------------

Current Time: 2023-03-09T18:10:02.788Z
Send Packet Info:
	Sender ID: 0
	Receiver ID: 1
	Packet Content: Message number 38 from process 0
	Sender Clock:
		Local logical clock:[73 71]
		Local process vectors:
			<P_1: [72 71]>

-------------

Current Time: 2023-03-09T18:10:03.255Z
Send Packet Info:
	Sender ID: 0
	Receiver ID: 1
	Packet Content: Message number 39 from process 0
	Sender Clock:
		Local logical clock:[75 73]
		Local process vectors:
			<P_1: [73 71]>

-------------

Current Time: 2023-03-09T18:10:03.769Z
Send Packet Info:
	Sender ID: 0
	Receiver ID: 1
	Packet Content: Message number 40 from process 0
	Sender Clock:
		Local logical clock:[76 73]
		Local process vectors:
			<P_1: [75 73]>

-------------

Current Time: 2023-03-09T18:10:04.480Z
Send Packet Info:
	Sender ID: 0
	Receiver ID: 1
	Packet Content: Message number 41 from process 0
	Sender Clock:
		Local logical clock:[79 77]
		Local process vectors:
			<P_1: [76 73]>

-------------

Current Time: 2023-03-09T18:10:04.606Z
Send Packet Info:
	Sender ID: 0
	Receiver ID: 1
	Packet Content: Message number 42 from process 0
	Sender Clock:
		Local logical clock:[80 77]
		Local process vectors:
			<P_1: [79 77]>

-------------

Current Time: 2023-03-09T18:10:05.523Z
Send Packet Info:
	Sender ID: 0
	Receiver ID: 1
	Packet Content: Message number 43 from process 0
	Sender Clock:
		Local logical clock:[84 83]
		Local process vectors:
			<P_1: [80 77]>

-------------

Current Time: 2023-03-09T18:10:06.268Z
Send Packet Info:
	Sender ID: 0
	Receiver ID: 1
	Packet Content: Message number 44 from process 0
	Sender Clock:
		Local logical clock:[86 85]
		Local process vectors:
			<P_1: [84 83]>

-------------

Current Time: 2023-03-09T18:10:06.909Z
Send Packet Info:
	Sender ID: 0
	Receiver ID: 1
	Packet Content: Message number 45 from process 0
	Sender Clock:
		Local logical clock:[88 86]
		Local process vectors:
			<P_1: [86 85]>

-------------

Current Time: 2023-03-09T18:10:07.823Z
Send Packet Info:
	Sender ID: 0
	Receiver ID: 1
	Packet Content: Message number 46 from process 0
	Sender Clock:
		Local logical clock:[91 89]
		Local process vectors:
			<P_1: [88 86]>

-------------

Current Time: 2023-03-09T18:10:08.367Z
Send Packet Info:
	Sender ID: 0
	Receiver ID: 1
	Packet Content: Message number 47 from process 0
	Sender Clock:
		Local logical clock:[93 92]
		Local process vectors:
			<P_1: [91 89]>

-------------

Current Time: 2023-03-09T18:10:08.601Z
Send Packet Info:
	Sender ID: 0
	Receiver ID: 1
	Packet Content: Message number 48 from process 0
	Sender Clock:
		Local logical clock:[95 94]
		Local process vectors:
			<P_1: [93 92]>

-------------

Current Time: 2023-03-09T18:10:09.534Z
Send Packet Info:
	Sender ID: 0
	Receiver ID: 1
	Packet Content: Message number 49 from process 0
	Sender Clock:
		Local logical clock:[98 97]
		Local process vectors:
			<P_1: [95 94]>

-------------

Current Time: 2023-03-09T18:10:10.480Z
Send Packet Info:
	Sender ID: 0
	Receiver ID: 1
	Packet Content: Message number 50 from process 0
	Sender Clock:
		Local logical clock:[100 99]
		Local process vectors:
			<P_1: [98 97]>

-------------

Current Time: 2023-03-09T18:10:10.696Z
Send Packet Info:
	Sender ID: 0
	Receiver ID: 1
	Packet Content: Message number 51 from process 0
	Sender Clock:
		Local logical clock:[102 101]
		Local process vectors:
			<P_1: [100 99]>

-------------

Current Time: 2023-03-09T18:10:11.379Z
Send Packet Info:
	Sender ID: 0
	Receiver ID: 1
	Packet Content: Message number 52 from process 0
	Sender Clock:
		Local logical clock:[104 103]
		Local process vectors:
			<P_1: [102 101]>

-------------

Current Time: 2023-03-09T18:10:12.301Z
Send Packet Info:
	Sender ID: 0
	Receiver ID: 1
	Packet Content: Message number 53 from process 0
	Sender Clock:
		Local logical clock:[107 106]
		Local process vectors:
			<P_1: [104 103]>

-------------

Current Time: 2023-03-09T18:10:12.439Z
Send Packet Info:
	Sender ID: 0
	Receiver ID: 1
	Packet Content: Message number 54 from process 0
	Sender Clock:
		Local logical clock:[109 108]
		Local process vectors:
			<P_1: [107 106]>

-------------

Current Time: 2023-03-09T18:10:12.717Z
Send Packet Info:
	Sender ID: 0
	Receiver ID: 1
	Packet Content: Message number 55 from process 0
	Sender Clock:
		Local logical clock:[110 108]
		Local process vectors:
			<P_1: [109 108]>

-------------

Current Time: 2023-03-09T18:10:13.603Z
Send Packet Info:
	Sender ID: 0
	Receiver ID: 1
	Packet Content: Message number 56 from process 0
	Sender Clock:
		Local logical clock:[114 113]
		Local process vectors:
			<P_1: [110 108]>

-------------

Current Time: 2023-03-09T18:10:14.053Z
Send Packet Info:
	Sender ID: 0
	Receiver ID: 1
	Packet Content: Message number 57 from process 0
	Sender Clock:
		Local logical clock:[116 115]
		Local process vectors:
			<P_1: [114 113]>

-------------

Current Time: 2023-03-09T18:10:14.860Z
Send Packet Info:
	Sender ID: 0
	Receiver ID: 1
	Packet Content: Message number 58 from process 0
	Sender Clock:
		Local logical clock:[118 117]
		Local process vectors:
			<P_1: [116 115]>

-------------

Current Time: 2023-03-09T18:10:15.310Z
Send Packet Info:
	Sender ID: 0
	Receiver ID: 1
	Packet Content: Message number 59 from process 0
	Sender Clock:
		Local logical clock:[119 117]
		Local process vectors:
			<P_1: [118 117]>

-------------

Current Time: 2023-03-09T18:10:15.465Z
Send Packet Info:
	Sender ID: 0
	Receiver ID: 1
	Packet Content: Message number 60 from process 0
	Sender Clock:
		Local logical clock:[120 117]
		Local process vectors:
			<P_1: [119 117]>

-------------

Current Time: 2023-03-09T18:10:15.605Z
Send Packet Info:
	Sender ID: 0
	Receiver ID: 1
	Packet Content: Message number 61 from process 0
	Sender Clock:
		Local logical clock:[122 120]
		Local process vectors:
			<P_1: [120 117]>

-------------

Current Time: 2023-03-09T18:10:16.259Z
Send Packet Info:
	Sender ID: 0
	Receiver ID: 1
	Packet Content: Message number 62 from process 0
	Sender Clock:
		Local logical clock:[124 122]
		Local process vectors:
			<P_1: [122 120]>

-------------

Current Time: 2023-03-09T18:10:16.415Z
Send Packet Info:
	Sender ID: 0
	Receiver ID: 1
	Packet Content: Message number 63 from process 0
	Sender Clock:
		Local logical clock:[126 123]
		Local process vectors:
			<P_1: [124 122]>

-------------

Current Time: 2023-03-09T18:10:16.680Z
Send Packet Info:
	Sender ID: 0
	Receiver ID: 1
	Packet Content: Message number 64 from process 0
	Sender Clock:
		Local logical clock:[127 123]
		Local process vectors:
			<P_1: [126 123]>

-------------

Current Time: 2023-03-09T18:10:17.068Z
Send Packet Info:
	Sender ID: 0
	Receiver ID: 1
	Packet Content: Message number 65 from process 0
	Sender Clock:
		Local logical clock:[128 123]
		Local process vectors:
			<P_1: [127 123]>

-------------

Current Time: 2023-03-09T18:10:18.010Z
Send Packet Info:
	Sender ID: 0
	Receiver ID: 1
	Packet Content: Message number 66 from process 0
	Sender Clock:
		Local logical clock:[130 127]
		Local process vectors:
			<P_1: [128 123]>

-------------

Current Time: 2023-03-09T18:10:18.323Z
Send Packet Info:
	Sender ID: 0
	Receiver ID: 1
	Packet Content: Message number 67 from process 0
	Sender Clock:
		Local logical clock:[133 132]
		Local process vectors:
			<P_1: [130 127]>

-------------

Current Time: 2023-03-09T18:10:19.098Z
Send Packet Info:
	Sender ID: 0
	Receiver ID: 1
	Packet Content: Message number 68 from process 0
	Sender Clock:
		Local logical clock:[135 134]
		Local process vectors:
			<P_1: [133 132]>

-------------

Current Time: 2023-03-09T18:10:19.285Z
Send Packet Info:
	Sender ID: 0
	Receiver ID: 1
	Packet Content: Message number 69 from process 0
	Sender Clock:
		Local logical clock:[136 134]
		Local process vectors:
			<P_1: [135 134]>

-------------

Current Time: 2023-03-09T18:10:19.955Z
Send Packet Info:
	Sender ID: 0
	Receiver ID: 1
	Packet Content: Message number 70 from process 0
	Sender Clock:
		Local logical clock:[138 137]
		Local process vectors:
			<P_1: [136 134]>

-------------

Current Time: 2023-03-09T18:10:20.112Z
Send Packet Info:
	Sender ID: 0
	Receiver ID: 1
	Packet Content: Message number 71 from process 0
	Sender Clock:
		Local logical clock:[139 137]
		Local process vectors:
			<P_1: [138 137]>

-------------

Current Time: 2023-03-09T18:10:20.439Z
Send Packet Info:
	Sender ID: 0
	Receiver ID: 1
	Packet Content: Message number 72 from process 0
	Sender Clock:
		Local logical clock:[141 140]
		Local process vectors:
			<P_1: [139 137]>

-------------

Current Time: 2023-03-09T18:10:21.246Z
Send Packet Info:
	Sender ID: 0
	Receiver ID: 1
	Packet Content: Message number 73 from process 0
	Sender Clock:
		Local logical clock:[142 140]
		Local process vectors:
			<P_1: [141 140]>

-------------

Current Time: 2023-03-09T18:10:21.587Z
Send Packet Info:
	Sender ID: 0
	Receiver ID: 1
	Packet Content: Message number 74 from process 0
	Sender Clock:
		Local logical clock:[145 144]
		Local process vectors:
			<P_1: [142 140]>

-------------

Current Time: 2023-03-09T18:10:21.929Z
Send Packet Info:
	Sender ID: 0
	Receiver ID: 1
	Packet Content: Message number 75 from process 0
	Sender Clock:
		Local logical clock:[146 144]
		Local process vectors:
			<P_1: [145 144]>

-------------

Current Time: 2023-03-09T18:10:22.693Z
Send Packet Info:
	Sender ID: 0
	Receiver ID: 1
	Packet Content: Message number 76 from process 0
	Sender Clock:
		Local logical clock:[149 148]
		Local process vectors:
			<P_1: [146 144]>

-------------

Current Time: 2023-03-09T18:10:23.279Z
Send Packet Info:
	Sender ID: 0
	Receiver ID: 1
	Packet Content: Message number 77 from process 0
	Sender Clock:
		Local logical clock:[150 148]
		Local process vectors:
			<P_1: [149 148]>

-------------

Current Time: 2023-03-09T18:10:23.778Z
Send Packet Info:
	Sender ID: 0
	Receiver ID: 1
	Packet Content: Message number 78 from process 0
	Sender Clock:
		Local logical clock:[152 150]
		Local process vectors:
			<P_1: [150 148]>

-------------

Current Time: 2023-03-09T18:10:23.887Z
Send Packet Info:
	Sender ID: 0
	Receiver ID: 1
	Packet Content: Message number 79 from process 0
	Sender Clock:
		Local logical clock:[153 150]
		Local process vectors:
			<P_1: [152 150]>

-------------

Current Time: 2023-03-09T18:10:24.323Z
Send Packet Info:
	Sender ID: 0
	Receiver ID: 1
	Packet Content: Message number 80 from process 0
	Sender Clock:
		Local logical clock:[155 153]
		Local process vectors:
			<P_1: [153 150]>

-------------

Current Time: 2023-03-09T18:10:25.130Z
Send Packet Info:
	Sender ID: 0
	Receiver ID: 1
	Packet Content: Message number 81 from process 0
	Sender Clock:
		Local logical clock:[158 157]
		Local process vectors:
			<P_1: [155 153]>

-------------

Current Time: 2023-03-09T18:10:25.954Z
Send Packet Info:
	Sender ID: 0
	Receiver ID: 1
	Packet Content: Message number 82 from process 0
	Sender Clock:
		Local logical clock:[160 159]
		Local process vectors:
			<P_1: [158 157]>

-------------

Current Time: 2023-03-09T18:10:26.870Z
Send Packet Info:
	Sender ID: 0
	Receiver ID: 1
	Packet Content: Message number 83 from process 0
	Sender Clock:
		Local logical clock:[161 159]
		Local process vectors:
			<P_1: [160 159]>

-------------

Current Time: 2023-03-09T18:10:27.461Z
Send Packet Info:
	Sender ID: 0
	Receiver ID: 1
	Packet Content: Message number 84 from process 0
	Sender Clock:
		Local logical clock:[165 164]
		Local process vectors:
			<P_1: [161 159]>

-------------

Current Time: 2023-03-09T18:10:28.293Z
Send Packet Info:
	Sender ID: 0
	Receiver ID: 1
	Packet Content: Message number 85 from process 0
	Sender Clock:
		Local logical clock:[168 167]
		Local process vectors:
			<P_1: [165 164]>

-------------

Current Time: 2023-03-09T18:10:28.821Z
Send Packet Info:
	Sender ID: 0
	Receiver ID: 1
	Packet Content: Message number 86 from process 0
	Sender Clock:
		Local logical clock:[170 168]
		Local process vectors:
			<P_1: [168 167]>

-------------

Current Time: 2023-03-09T18:10:28.946Z
Send Packet Info:
	Sender ID: 0
	Receiver ID: 1
	Packet Content: Message number 87 from process 0
	Sender Clock:
		Local logical clock:[171 168]
		Local process vectors:
			<P_1: [170 168]>

-------------

Current Time: 2023-03-09T18:10:29.412Z
Send Packet Info:
	Sender ID: 0
	Receiver ID: 1
	Packet Content: Message number 88 from process 0
	Sender Clock:
		Local logical clock:[172 168]
		Local process vectors:
			<P_1: [171 168]>

-------------

Current Time: 2023-03-09T18:10:29.676Z
Send Packet Info:
	Sender ID: 0
	Receiver ID: 1
	Packet Content: Message number 89 from process 0
	Sender Clock:
		Local logical clock:[174 172]
		Local process vectors:
			<P_1: [172 168]>

-------------

Current Time: 2023-03-09T18:10:30.451Z
Send Packet Info:
	Sender ID: 0
	Receiver ID: 1
	Packet Content: Message number 90 from process 0
	Sender Clock:
		Local logical clock:[176 174]
		Local process vectors:
			<P_1: [174 172]>

-------------

Current Time: 2023-03-09T18:10:30.684Z
Send Packet Info:
	Sender ID: 0
	Receiver ID: 1
	Packet Content: Message number 91 from process 0
	Sender Clock:
		Local logical clock:[178 177]
		Local process vectors:
			<P_1: [176 174]>

-------------

Current Time: 2023-03-09T18:10:30.902Z
Send Packet Info:
	Sender ID: 0
	Receiver ID: 1
	Packet Content: Message number 92 from process 0
	Sender Clock:
		Local logical clock:[179 177]
		Local process vectors:
			<P_1: [178 177]>

-------------

Current Time: 2023-03-09T18:10:31.212Z
Send Packet Info:
	Sender ID: 0
	Receiver ID: 1
	Packet Content: Message number 93 from process 0
	Sender Clock:
		Local logical clock:[180 177]
		Local process vectors:
			<P_1: [179 177]>

-------------

Current Time: 2023-03-09T18:10:31.568Z
Send Packet Info:
	Sender ID: 0
	Receiver ID: 1
	Packet Content: Message number 94 from process 0
	Sender Clock:
		Local logical clock:[182 179]
		Local process vectors:
			<P_1: [180 177]>

-------------

Current Time: 2023-03-09T18:10:31.986Z
Send Packet Info:
	Sender ID: 0
	Receiver ID: 1
	Packet Content: Message number 95 from process 0
	Sender Clock:
		Local logical clock:[185 184]
		Local process vectors:
			<P_1: [182 179]>

-------------

Current Time: 2023-03-09T18:10:32.777Z
Send Packet Info:
	Sender ID: 0
	Receiver ID: 1
	Packet Content: Message number 96 from process 0
	Sender Clock:
		Local logical clock:[188 187]
		Local process vectors:
			<P_1: [185 184]>

-------------

Current Time: 2023-03-09T18:10:33.478Z
Send Packet Info:
	Sender ID: 0
	Receiver ID: 1
	Packet Content: Message number 97 from process 0
	Sender Clock:
		Local logical clock:[190 189]
		Local process vectors:
			<P_1: [188 187]>

-------------

Current Time: 2023-03-09T18:10:33.662Z
Send Packet Info:
	Sender ID: 0
	Receiver ID: 1
	Packet Content: Message number 98 from process 0
	Sender Clock:
		Local logical clock:[192 190]
		Local process vectors:
			<P_1: [190 189]>

-------------

Current Time: 2023-03-09T18:10:34.417Z
Send Packet Info:
	Sender ID: 0
	Receiver ID: 1
	Packet Content: Message number 99 from process 0
	Sender Clock:
		Local logical clock:[193 190]
		Local process vectors:
			<P_1: [192 190]>

-------------

Current Time: 2023-03-09T18:10:35.087Z
Send Packet Info:
	Sender ID: 0
	Receiver ID: 1
	Packet Content: Message number 100 from process 0
	Sender Clock:
		Local logical clock:[197 196]
		Local process vectors:
			<P_1: [193 190]>

-------------

Current Time: 2023-03-09T18:10:35.694Z
Send Packet Info:
	Sender ID: 0
	Receiver ID: 1
	Packet Content: Message number 101 from process 0
	Sender Clock:
		Local logical clock:[200 199]
		Local process vectors:
			<P_1: [197 196]>

-------------

Current Time: 2023-03-09T18:10:36.664Z
Send Packet Info:
	Sender ID: 0
	Receiver ID: 1
	Packet Content: Message number 102 from process 0
	Sender Clock:
		Local logical clock:[202 201]
		Local process vectors:
			<P_1: [200 199]>

-------------

Current Time: 2023-03-09T18:10:37.284Z
Send Packet Info:
	Sender ID: 0
	Receiver ID: 1
	Packet Content: Message number 103 from process 0
	Sender Clock:
		Local logical clock:[205 204]
		Local process vectors:
			<P_1: [202 201]>

-------------

Current Time: 2023-03-09T18:10:38.276Z
Send Packet Info:
	Sender ID: 0
	Receiver ID: 1
	Packet Content: Message number 104 from process 0
	Sender Clock:
		Local logical clock:[208 207]
		Local process vectors:
			<P_1: [205 204]>

-------------

Current Time: 2023-03-09T18:10:38.677Z
Send Packet Info:
	Sender ID: 0
	Receiver ID: 1
	Packet Content: Message number 105 from process 0
	Sender Clock:
		Local logical clock:[210 209]
		Local process vectors:
			<P_1: [208 207]>

-------------

Current Time: 2023-03-09T18:10:38.912Z
Send Packet Info:
	Sender ID: 0
	Receiver ID: 1
	Packet Content: Message number 106 from process 0
	Sender Clock:
		Local logical clock:[212 210]
		Local process vectors:
			<P_1: [210 209]>

-------------

Current Time: 2023-03-09T18:10:39.841Z
Send Packet Info:
	Sender ID: 0
	Receiver ID: 1
	Packet Content: Message number 107 from process 0
	Sender Clock:
		Local logical clock:[214 213]
		Local process vectors:
			<P_1: [212 210]>

-------------

Current Time: 2023-03-09T18:10:40.540Z
Send Packet Info:
	Sender ID: 0
	Receiver ID: 1
	Packet Content: Message number 108 from process 0
	Sender Clock:
		Local logical clock:[216 214]
		Local process vectors:
			<P_1: [214 213]>

-------------

Current Time: 2023-03-09T18:10:40.916Z
Send Packet Info:
	Sender ID: 0
	Receiver ID: 1
	Packet Content: Message number 109 from process 0
	Sender Clock:
		Local logical clock:[218 217]
		Local process vectors:
			<P_1: [216 214]>

-------------

Current Time: 2023-03-09T18:10:41.439Z
Send Packet Info:
	Sender ID: 0
	Receiver ID: 1
	Packet Content: Message number 110 from process 0
	Sender Clock:
		Local logical clock:[219 217]
		Local process vectors:
			<P_1: [218 217]>

-------------

Current Time: 2023-03-09T18:10:42.167Z
Send Packet Info:
	Sender ID: 0
	Receiver ID: 1
	Packet Content: Message number 111 from process 0
	Sender Clock:
		Local logical clock:[221 220]
		Local process vectors:
			<P_1: [219 217]>

-------------

Current Time: 2023-03-09T18:10:43.056Z
Send Packet Info:
	Sender ID: 0
	Receiver ID: 1
	Packet Content: Message number 112 from process 0
	Sender Clock:
		Local logical clock:[225 224]
		Local process vectors:
			<P_1: [221 220]>

-------------

Current Time: 2023-03-09T18:10:44.015Z
Send Packet Info:
	Sender ID: 0
	Receiver ID: 1
	Packet Content: Message number 113 from process 0
	Sender Clock:
		Local logical clock:[227 226]
		Local process vectors:
			<P_1: [225 224]>

-------------

Current Time: 2023-03-09T18:10:44.822Z
Send Packet Info:
	Sender ID: 0
	Receiver ID: 1
	Packet Content: Message number 114 from process 0
	Sender Clock:
		Local logical clock:[228 226]
		Local process vectors:
			<P_1: [227 226]>

-------------

Current Time: 2023-03-09T18:10:45.439Z
Send Packet Info:
	Sender ID: 0
	Receiver ID: 1
	Packet Content: Message number 115 from process 0
	Sender Clock:
		Local logical clock:[230 228]
		Local process vectors:
			<P_1: [228 226]>

-------------

Current Time: 2023-03-09T18:10:45.748Z
Send Packet Info:
	Sender ID: 0
	Receiver ID: 1
	Packet Content: Message number 116 from process 0
	Sender Clock:
		Local logical clock:[231 228]
		Local process vectors:
			<P_1: [230 228]>

-------------

Current Time: 2023-03-09T18:10:46.167Z
Send Packet Info:
	Sender ID: 0
	Receiver ID: 1
	Packet Content: Message number 117 from process 0
	Sender Clock:
		Local logical clock:[234 231]
		Local process vectors:
			<P_1: [231 228]>

-------------

Current Time: 2023-03-09T18:10:46.838Z
Send Packet Info:
	Sender ID: 0
	Receiver ID: 1
	Packet Content: Message number 118 from process 0
	Sender Clock:
		Local logical clock:[236 235]
		Local process vectors:
			<P_1: [234 231]>

-------------

Current Time: 2023-03-09T18:10:47.212Z
Send Packet Info:
	Sender ID: 0
	Receiver ID: 1
	Packet Content: Message number 119 from process 0
	Sender Clock:
		Local logical clock:[237 235]
		Local process vectors:
			<P_1: [236 235]>

-------------

Current Time: 2023-03-09T18:10:47.970Z
Send Packet Info:
	Sender ID: 0
	Receiver ID: 1
	Packet Content: Message number 120 from process 0
	Sender Clock:
		Local logical clock:[239 236]
		Local process vectors:
			<P_1: [237 235]>

-------------

Current Time: 2023-03-09T18:10:48.263Z
Send Packet Info:
	Sender ID: 0
	Receiver ID: 1
	Packet Content: Message number 121 from process 0
	Sender Clock:
		Local logical clock:[240 236]
		Local process vectors:
			<P_1: [239 236]>

-------------

Current Time: 2023-03-09T18:10:49.256Z
Send Packet Info:
	Sender ID: 0
	Receiver ID: 1
	Packet Content: Message number 122 from process 0
	Sender Clock:
		Local logical clock:[243 241]
		Local process vectors:
			<P_1: [240 236]>

-------------

Current Time: 2023-03-09T18:10:50.132Z
Send Packet Info:
	Sender ID: 0
	Receiver ID: 1
	Packet Content: Message number 123 from process 0
	Sender Clock:
		Local logical clock:[246 245]
		Local process vectors:
			<P_1: [243 241]>

-------------

Current Time: 2023-03-09T18:10:50.785Z
Send Packet Info:
	Sender ID: 0
	Receiver ID: 1
	Packet Content: Message number 124 from process 0
	Sender Clock:
		Local logical clock:[249 248]
		Local process vectors:
			<P_1: [246 245]>

-------------

Current Time: 2023-03-09T18:10:50.908Z
Send Packet Info:
	Sender ID: 0
	Receiver ID: 1
	Packet Content: Message number 125 from process 0
	Sender Clock:
		Local logical clock:[250 248]
		Local process vectors:
			<P_1: [249 248]>

-------------

Current Time: 2023-03-09T18:10:51.078Z
Send Packet Info:
	Sender ID: 0
	Receiver ID: 1
	Packet Content: Message number 126 from process 0
	Sender Clock:
		Local logical clock:[251 248]
		Local process vectors:
			<P_1: [250 248]>

-------------

Current Time: 2023-03-09T18:10:51.871Z
Send Packet Info:
	Sender ID: 0
	Receiver ID: 1
	Packet Content: Message number 127 from process 0
	Sender Clock:
		Local logical clock:[253 252]
		Local process vectors:
			<P_1: [251 248]>

-------------

Current Time: 2023-03-09T18:10:52.509Z
Send Packet Info:
	Sender ID: 0
	Receiver ID: 1
	Packet Content: Message number 128 from process 0
	Sender Clock:
		Local logical clock:[256 255]
		Local process vectors:
			<P_1: [253 252]>

-------------

Current Time: 2023-03-09T18:10:52.757Z
Send Packet Info:
	Sender ID: 0
	Receiver ID: 1
	Packet Content: Message number 129 from process 0
	Sender Clock:
		Local logical clock:[257 255]
		Local process vectors:
			<P_1: [256 255]>

-------------

Current Time: 2023-03-09T18:10:53.670Z
Send Packet Info:
	Sender ID: 0
	Receiver ID: 1
	Packet Content: Message number 130 from process 0
	Sender Clock:
		Local logical clock:[259 258]
		Local process vectors:
			<P_1: [257 255]>

-------------

Current Time: 2023-03-09T18:10:54.155Z
Send Packet Info:
	Sender ID: 0
	Receiver ID: 1
	Packet Content: Message number 131 from process 0
	Sender Clock:
		Local logical clock:[260 258]
		Local process vectors:
			<P_1: [259 258]>

-------------

Current Time: 2023-03-09T18:10:54.577Z
Send Packet Info:
	Sender ID: 0
	Receiver ID: 1
	Packet Content: Message number 132 from process 0
	Sender Clock:
		Local logical clock:[262 260]
		Local process vectors:
			<P_1: [260 258]>

-------------

Current Time: 2023-03-09T18:10:55.492Z
Send Packet Info:
	Sender ID: 0
	Receiver ID: 1
	Packet Content: Message number 133 from process 0
	Sender Clock:
		Local logical clock:[264 262]
		Local process vectors:
			<P_1: [262 260]>

-------------

Current Time: 2023-03-09T18:10:56.394Z
Send Packet Info:
	Sender ID: 0
	Receiver ID: 1
	Packet Content: Message number 134 from process 0
	Sender Clock:
		Local logical clock:[267 266]
		Local process vectors:
			<P_1: [264 262]>

-------------

Current Time: 2023-03-09T18:10:57.089Z
Send Packet Info:
	Sender ID: 0
	Receiver ID: 1
	Packet Content: Message number 135 from process 0
	Sender Clock:
		Local logical clock:[269 267]
		Local process vectors:
			<P_1: [267 266]>

-------------

Current Time: 2023-03-09T18:10:57.903Z
Send Packet Info:
	Sender ID: 0
	Receiver ID: 1
	Packet Content: Message number 136 from process 0
	Sender Clock:
		Local logical clock:[272 271]
		Local process vectors:
			<P_1: [269 267]>

-------------

Current Time: 2023-03-09T18:10:58.011Z
Send Packet Info:
	Sender ID: 0
	Receiver ID: 1
	Packet Content: Message number 137 from process 0
	Sender Clock:
		Local logical clock:[274 273]
		Local process vectors:
			<P_1: [272 271]>

-------------

Current Time: 2023-03-09T18:10:58.443Z
Send Packet Info:
	Sender ID: 0
	Receiver ID: 1
	Packet Content: Message number 138 from process 0
	Sender Clock:
		Local logical clock:[275 273]
		Local process vectors:
			<P_1: [274 273]>

-------------

Current Time: 2023-03-09T18:10:59.153Z
Send Packet Info:
	Sender ID: 0
	Receiver ID: 1
	Packet Content: Message number 139 from process 0
	Sender Clock:
		Local logical clock:[277 275]
		Local process vectors:
			<P_1: [275 273]>

-------------

Current Time: 2023-03-09T18:10:59.354Z
Send Packet Info:
	Sender ID: 0
	Receiver ID: 1
	Packet Content: Message number 140 from process 0
	Sender Clock:
		Local logical clock:[278 275]
		Local process vectors:
			<P_1: [277 275]>

-------------

Current Time: 2023-03-09T18:11:00.042Z
Send Packet Info:
	Sender ID: 0
	Receiver ID: 1
	Packet Content: Message number 141 from process 0
	Sender Clock:
		Local logical clock:[282 281]
		Local process vectors:
			<P_1: [278 275]>

-------------

Current Time: 2023-03-09T18:11:00.366Z
Send Packet Info:
	Sender ID: 0
	Receiver ID: 1
	Packet Content: Message number 142 from process 0
	Sender Clock:
		Local logical clock:[283 281]
		Local process vectors:
			<P_1: [282 281]>

-------------

Current Time: 2023-03-09T18:11:01.079Z
Send Packet Info:
	Sender ID: 0
	Receiver ID: 1
	Packet Content: Message number 143 from process 0
	Sender Clock:
		Local logical clock:[285 283]
		Local process vectors:
			<P_1: [283 281]>

-------------

Current Time: 2023-03-09T18:11:01.418Z
Send Packet Info:
	Sender ID: 0
	Receiver ID: 1
	Packet Content: Message number 144 from process 0
	Sender Clock:
		Local logical clock:[286 283]
		Local process vectors:
			<P_1: [285 283]>

-------------

Current Time: 2023-03-09T18:11:01.651Z
Send Packet Info:
	Sender ID: 0
	Receiver ID: 1
	Packet Content: Message number 145 from process 0
	Sender Clock:
		Local logical clock:[287 283]
		Local process vectors:
			<P_1: [286 283]>

-------------

Current Time: 2023-03-09T18:11:01.977Z
Send Packet Info:
	Sender ID: 0
	Receiver ID: 1
	Packet Content: Message number 146 from process 0
	Sender Clock:
		Local logical clock:[290 289]
		Local process vectors:
			<P_1: [287 283]>

-------------

Current Time: 2023-03-09T18:11:02.380Z
Send Packet Info:
	Sender ID: 0
	Receiver ID: 1
	Packet Content: Message number 147 from process 0
	Sender Clock:
		Local logical clock:[292 290]
		Local process vectors:
			<P_1: [290 289]>

-------------

Current Time: 2023-03-09T18:11:02.534Z
Send Packet Info:
	Sender ID: 0
	Receiver ID: 1
	Packet Content: Message number 148 from process 0
	Sender Clock:
		Local logical clock:[295 293]
		Local process vectors:
			<P_1: [292 290]>

-------------

Current Time: 2023-03-09T18:11:03.448Z
Send Packet Info:
	Sender ID: 0
	Receiver ID: 1
	Packet Content: Message number 149 from process 0
	Sender Clock:
		Local logical clock:[298 295]
		Local process vectors:
			<P_1: [295 293]>

-------------

Current Time: 2023-03-09T18:11:03.557Z
Send Packet Info:
	Sender ID: 0
	Receiver ID: 1
	Packet Content: Message number 150 from process 0
	Sender Clock:
		Local logical clock:[299 295]
		Local process vectors:
			<P_1: [298 295]>

-------------

