Current Time: 2023-03-15T13:26:15.180Z
Send Packet Info:
	Sender ID: 0
	Receiver ID: 1
	Packet Content: Message number 1 from process 0
	Sender Clock:
		Local logical clock:[1 0 0]
		Local process vectors:

-------------

Current Time: 2023-03-15T13:26:15.624Z
Send Packet Info:
	Sender ID: 0
	Receiver ID: 1
	Packet Content: Message number 2 from process 0
	Sender Clock:
		Local logical clock:[6 5 2]
		Local process vectors:
			<P_1: [1 0 0]>

-------------

Current Time: 2023-03-15T13:26:15.688Z
Send Packet Info:
	Sender ID: 0
	Receiver ID: 2
	Packet Content: Message number 1 from process 0
	Sender Clock:
		Local logical clock:[7 5 2]
		Local process vectors:
			<P_1: [6 5 2]>

-------------

Current Time: 2023-03-15T13:26:15.912Z
Send Packet Info:
	Sender ID: 0
	Receiver ID: 1
	Packet Content: Message number 3 from process 0
	Sender Clock:
		Local logical clock:[8 5 2]
		Local process vectors:
			<P_1: [6 5 2]>
			<P_2: [7 5 2]>

-------------

Current Time: 2023-03-15T13:26:15.969Z
Send Packet Info:
	Sender ID: 0
	Receiver ID: 2
	Packet Content: Message number 2 from process 0
	Sender Clock:
		Local logical clock:[9 5 2]
		Local process vectors:
			<P_1: [8 5 2]>
			<P_2: [7 5 2]>

-------------

Current Time: 2023-03-15T13:26:16.057Z
Send Packet Info:
	Sender ID: 0
	Receiver ID: 1
	Packet Content: Message number 4 from process 0
	Sender Clock:
		Local logical clock:[10 5 2]
		Local process vectors:
			<P_1: [8 5 2]>
			<P_2: [9 5 2]>

-------------

Current Time: 2023-03-15T13:26:16.202Z
Send Packet Info:
	Sender ID: 0
	Receiver ID: 2
	Packet Content: Message number 3 from process 0
	Sender Clock:
		Local logical clock:[12 8 7]
		Local process vectors:
			<P_1: [10 5 3]>
			<P_2: [9 5 2]>

-------------

Current Time: 2023-03-15T13:26:16.346Z
Send Packet Info:
	Sender ID: 0
	Receiver ID: 1
	Packet Content: Message number 5 from process 0
	Sender Clock:
		Local logical clock:[13 8 7]
		Local process vectors:
			<P_1: [10 5 3]>
			<P_2: [12 8 7]>

-------------

Current Time: 2023-03-15T13:26:16.497Z
Send Packet Info:
	Sender ID: 0
	Receiver ID: 1
	Packet Content: Message number 6 from process 0
	Sender Clock:
		Local logical clock:[14 8 7]
		Local process vectors:
			<P_1: [13 8 7]>
			<P_2: [12 8 7]>

-------------

Current Time: 2023-03-15T13:26:17.031Z
Send Packet Info:
	Sender ID: 0
	Receiver ID: 1
	Packet Content: Message number 7 from process 0
	Sender Clock:
		Local logical clock:[17 16 13]
		Local process vectors:
			<P_1: [14 8 9]>
			<P_2: [12 9 7]>

-------------

Current Time: 2023-03-15T13:26:17.164Z
Send Packet Info:
	Sender ID: 0
	Receiver ID: 2
	Packet Content: Message number 4 from process 0
	Sender Clock:
		Local logical clock:[19 20 14]
		Local process vectors:
			<P_1: [17 16 13]>
			<P_2: [13 16 9]>

-------------

Current Time: 2023-03-15T13:26:18.034Z
Send Packet Info:
	Sender ID: 0
	Receiver ID: 1
	Packet Content: Message number 8 from process 0
	Sender Clock:
		Local logical clock:[20 20 14]
		Local process vectors:
			<P_1: [17 16 13]>
			<P_2: [19 20 14]>

-------------

Current Time: 2023-03-15T13:26:18.176Z
Send Packet Info:
	Sender ID: 0
	Receiver ID: 2
	Packet Content: Message number 5 from process 0
	Sender Clock:
		Local logical clock:[21 20 14]
		Local process vectors:
			<P_1: [20 20 14]>
			<P_2: [19 20 14]>

-------------

Current Time: 2023-03-15T13:26:18.518Z
Send Packet Info:
	Sender ID: 0
	Receiver ID: 1
	Packet Content: Message number 9 from process 0
	Sender Clock:
		Local logical clock:[26 25 22]
		Local process vectors:
			<P_1: [21 23 21]>
			<P_2: [21 23 16]>

-------------

Current Time: 2023-03-15T13:26:18.913Z
Send Packet Info:
	Sender ID: 0
	Receiver ID: 2
	Packet Content: Message number 6 from process 0
	Sender Clock:
		Local logical clock:[28 28 22]
		Local process vectors:
			<P_1: [26 25 22]>
			<P_2: [21 26 19]>

-------------

Current Time: 2023-03-15T13:26:19.326Z
Send Packet Info:
	Sender ID: 0
	Receiver ID: 1
	Packet Content: Message number 10 from process 0
	Sender Clock:
		Local logical clock:[33 31 28]
		Local process vectors:
			<P_1: [26 26 26]>
			<P_2: [28 29 22]>

-------------

Current Time: 2023-03-15T13:26:19.621Z
Send Packet Info:
	Sender ID: 0
	Receiver ID: 2
	Packet Content: Message number 7 from process 0
	Sender Clock:
		Local logical clock:[35 32 31]
		Local process vectors:
			<P_1: [33 32 30]>
			<P_2: [28 29 22]>

-------------

Current Time: 2023-03-15T13:26:19.931Z
Send Packet Info:
	Sender ID: 0
	Receiver ID: 1
	Packet Content: Message number 11 from process 0
	Sender Clock:
		Local logical clock:[36 32 31]
		Local process vectors:
			<P_1: [33 32 30]>
			<P_2: [35 32 31]>

-------------

Current Time: 2023-03-15T13:26:20.217Z
Send Packet Info:
	Sender ID: 0
	Receiver ID: 2
	Packet Content: Message number 8 from process 0
	Sender Clock:
		Local logical clock:[39 44 38]
		Local process vectors:
			<P_1: [36 32 32]>
			<P_2: [35 42 32]>

-------------

Current Time: 2023-03-15T13:26:20.419Z
Send Packet Info:
	Sender ID: 0
	Receiver ID: 1
	Packet Content: Message number 12 from process 0
	Sender Clock:
		Local logical clock:[40 44 38]
		Local process vectors:
			<P_1: [36 32 32]>
			<P_2: [39 44 38]>

-------------

Current Time: 2023-03-15T13:26:20.544Z
Send Packet Info:
	Sender ID: 0
	Receiver ID: 1
	Packet Content: Message number 13 from process 0
	Sender Clock:
		Local logical clock:[41 44 38]
		Local process vectors:
			<P_1: [40 44 38]>
			<P_2: [39 44 38]>

-------------

Current Time: 2023-03-15T13:26:20.746Z
Send Packet Info:
	Sender ID: 0
	Receiver ID: 2
	Packet Content: Message number 9 from process 0
	Sender Clock:
		Local logical clock:[42 44 38]
		Local process vectors:
			<P_1: [41 44 38]>
			<P_2: [39 44 38]>

-------------

Current Time: 2023-03-15T13:26:20.854Z
Send Packet Info:
	Sender ID: 0
	Receiver ID: 1
	Packet Content: Message number 14 from process 0
	Sender Clock:
		Local logical clock:[44 49 41]
		Local process vectors:
			<P_1: [41 44 38]>
			<P_2: [42 45 38]>

-------------

Current Time: 2023-03-15T13:26:21.547Z
Send Packet Info:
	Sender ID: 0
	Receiver ID: 1
	Packet Content: Message number 15 from process 0
	Sender Clock:
		Local logical clock:[47 54 43]
		Local process vectors:
			<P_1: [44 49 41]>
			<P_2: [44 53 43]>

-------------

Current Time: 2023-03-15T13:26:21.673Z
Send Packet Info:
	Sender ID: 0
	Receiver ID: 2
	Packet Content: Message number 10 from process 0
	Sender Clock:
		Local logical clock:[48 54 43]
		Local process vectors:
			<P_1: [47 54 43]>
			<P_2: [44 53 43]>

-------------

Current Time: 2023-03-15T13:26:22.385Z
Send Packet Info:
	Sender ID: 0
	Receiver ID: 1
	Packet Content: Message number 16 from process 0
	Sender Clock:
		Local logical clock:[51 58 46]
		Local process vectors:
			<P_1: [47 54 44]>
			<P_2: [48 57 44]>

-------------

Current Time: 2023-03-15T13:26:22.586Z
Send Packet Info:
	Sender ID: 0
	Receiver ID: 2
	Packet Content: Message number 11 from process 0
	Sender Clock:
		Local logical clock:[52 58 46]
		Local process vectors:
			<P_1: [51 58 46]>
			<P_2: [48 57 44]>

-------------

Current Time: 2023-03-15T13:26:23.086Z
Send Packet Info:
	Sender ID: 0
	Receiver ID: 2
	Packet Content: Message number 12 from process 0
	Sender Clock:
		Local logical clock:[56 62 55]
		Local process vectors:
			<P_1: [51 58 51]>
			<P_2: [52 61 51]>

-------------

Current Time: 2023-03-15T13:26:23.149Z
Send Packet Info:
	Sender ID: 0
	Receiver ID: 1
	Packet Content: Message number 17 from process 0
	Sender Clock:
		Local logical clock:[57 62 55]
		Local process vectors:
			<P_1: [51 58 51]>
			<P_2: [56 62 55]>

-------------

Current Time: 2023-03-15T13:26:23.450Z
Send Packet Info:
	Sender ID: 0
	Receiver ID: 2
	Packet Content: Message number 13 from process 0
	Sender Clock:
		Local logical clock:[58 62 55]
		Local process vectors:
			<P_1: [57 62 55]>
			<P_2: [56 62 55]>

-------------

Current Time: 2023-03-15T13:26:23.929Z
Send Packet Info:
	Sender ID: 0
	Receiver ID: 2
	Packet Content: Message number 14 from process 0
	Sender Clock:
		Local logical clock:[60 65 60]
		Local process vectors:
			<P_1: [57 62 56]>
			<P_2: [58 62 55]>

-------------

Current Time: 2023-03-15T13:26:23.975Z
Send Packet Info:
	Sender ID: 0
	Receiver ID: 1
	Packet Content: Message number 18 from process 0
	Sender Clock:
		Local logical clock:[61 65 60]
		Local process vectors:
			<P_1: [57 62 56]>
			<P_2: [60 65 60]>

-------------

Current Time: 2023-03-15T13:26:24.667Z
Send Packet Info:
	Sender ID: 0
	Receiver ID: 1
	Packet Content: Message number 19 from process 0
	Sender Clock:
		Local logical clock:[63 65 63]
		Local process vectors:
			<P_1: [61 65 61]>
			<P_2: [60 65 60]>

-------------

Current Time: 2023-03-15T13:26:24.729Z
Send Packet Info:
	Sender ID: 0
	Receiver ID: 2
	Packet Content: Message number 15 from process 0
	Sender Clock:
		Local logical clock:[64 65 63]
		Local process vectors:
			<P_1: [63 65 63]>
			<P_2: [60 65 60]>

-------------

Current Time: 2023-03-15T13:26:25.468Z
Send Packet Info:
	Sender ID: 0
	Receiver ID: 2
	Packet Content: Message number 16 from process 0
	Sender Clock:
		Local logical clock:[71 75 71]
		Local process vectors:
			<P_1: [63 66 66]>
			<P_2: [64 74 66]>

-------------

Current Time: 2023-03-15T13:26:25.674Z
Send Packet Info:
	Sender ID: 0
	Receiver ID: 1
	Packet Content: Message number 20 from process 0
	Sender Clock:
		Local logical clock:[74 77 74]
		Local process vectors:
			<P_1: [71 75 73]>
			<P_2: [71 75 71]>

-------------

Current Time: 2023-03-15T13:26:25.800Z
Send Packet Info:
	Sender ID: 0
	Receiver ID: 2
	Packet Content: Message number 17 from process 0
	Sender Clock:
		Local logical clock:[75 77 74]
		Local process vectors:
			<P_1: [74 77 74]>
			<P_2: [71 75 71]>

-------------

Current Time: 2023-03-15T13:26:26.333Z
Send Packet Info:
	Sender ID: 0
	Receiver ID: 2
	Packet Content: Message number 18 from process 0
	Sender Clock:
		Local logical clock:[78 79 76]
		Local process vectors:
			<P_1: [74 77 74]>
			<P_2: [75 77 74]>

-------------

Current Time: 2023-03-15T13:26:26.765Z
Send Packet Info:
	Sender ID: 0
	Receiver ID: 2
	Packet Content: Message number 19 from process 0
	Sender Clock:
		Local logical clock:[79 79 76]
		Local process vectors:
			<P_1: [74 77 74]>
			<P_2: [78 79 76]>

-------------

Current Time: 2023-03-15T13:26:27.532Z
Send Packet Info:
	Sender ID: 0
	Receiver ID: 2
	Packet Content: Message number 20 from process 0
	Sender Clock:
		Local logical clock:[80 79 76]
		Local process vectors:
			<P_1: [74 77 74]>
			<P_2: [79 79 76]>

-------------

