Current Time: 2023-03-15T13:26:15.181Z
Received Packet Info BEFORE DELIVERED:
	Sender ID: 1
	Receiver ID: 0
	Packet Content: Message number 1 from process 1
	Packet Clock:
		t_m: [-1 -1 -1]
		tP_send: [-1 -1 -1]
	Receiver Logical Clock (tP_rcv):
		[1 0 0] 2 1 0
	Status: delivering
	Delivery Condition: [1 0 0] > [-1 -1 -1]

-------------

Current Time: 2023-03-15T13:26:15.230Z
Received Packet Info BEFORE DELIVERED:
	Sender ID: 2
	Receiver ID: 0
	Packet Content: Message number 1 from process 2
	Packet Clock:
		t_m: [-1 -1 -1]
		tP_send: [-1 -1 -1]
	Receiver Logical Clock (tP_rcv):
		[2 1 0] 3 1 1
	Status: delivering
	Delivery Condition: [2 1 0] > [-1 -1 -1]

-------------

Current Time: 2023-03-15T13:26:15.380Z
Received Packet Info BEFORE DELIVERED:
	Sender ID: 1
	Receiver ID: 0
	Packet Content: Message number 2 from process 1
	Packet Clock:
		t_m: [0 1 1]
		tP_send: [0 1 1]
	Receiver Logical Clock (tP_rcv):
		[3 1 1] 4 1 2
	Status: delivering
	Delivery Condition: [3 1 1] > [0 1 1]

-------------

Current Time: 2023-03-15T13:26:15.524Z
Received Packet Info BEFORE DELIVERED:
	Sender ID: 1
	Receiver ID: 0
	Packet Content: Message number 3 from process 1
	Packet Clock:
		t_m: [1 4 2]
		tP_send: [1 4 2]
	Receiver Logical Clock (tP_rcv):
		[4 4 2] 5 4 3
	Status: delivering
	Delivery Condition: [4 4 2] > [1 4 2]

-------------

Current Time: 2023-03-15T13:26:16.121Z
Received Packet Info BEFORE DELIVERED:
	Sender ID: 2
	Receiver ID: 0
	Packet Content: Message number 2 from process 2
	Packet Clock:
		t_m: [1 5 2]
		tP_send: [1 5 2]
	Receiver Logical Clock (tP_rcv):
		[10 5 2]
	Status: delivering
	Delivery Condition: [10 5 2] > [1 5 2]

-------------

Current Time: 2023-03-15T13:26:16.506Z
Received Packet Info BEFORE DELIVERED:
	Sender ID: 1
	Receiver ID: 0
	Packet Content: Message number 4 from process 1
	Packet Clock:
		t_m: [9 8 7]
		tP_send: [9 8 7]
	Receiver Logical Clock (tP_rcv):
		[14 8 7]
	Status: delivering
	Delivery Condition: [14 8 7] > [9 8 7]

-------------

Current Time: 2023-03-15T13:26:16.987Z
Received Packet Info BEFORE DELIVERED:
	Sender ID: 2
	Receiver ID: 0
	Packet Content: Message number 3 from process 2
	Packet Clock:
		t_m: [12 13 9]
		tP_send: [12 13 9]
	Receiver Logical Clock (tP_rcv):
		[15 13 9]
	Status: delivering
	Delivery Condition: [15 13 9] > [12 13 9]

-------------

Current Time: 2023-03-15T13:26:17.120Z
Received Packet Info BEFORE DELIVERED:
	Sender ID: 1
	Receiver ID: 0
	Packet Content: Message number 5 from process 1
	Packet Clock:
		t_m: [13 16 13]
		tP_send: [13 16 13]
	Receiver Logical Clock (tP_rcv):
		[17 16 13]
	Status: delivering
	Delivery Condition: [17 16 13] > [13 16 13]

-------------

Current Time: 2023-03-15T13:26:17.879Z
Received Packet Info BEFORE DELIVERED:
	Sender ID: 2
	Receiver ID: 0
	Packet Content: Message number 4 from process 2
	Packet Clock:
		t_m: [17 21 14]
		tP_send: [17 21 14]
	Receiver Logical Clock (tP_rcv):
		[19 20 14]
	Status: buffered
	Delivery Condition: [19 20 14] > [17 21 14]

-------------

Current Time: 2023-03-15T13:26:18.258Z
Received Packet Info BEFORE DELIVERED:
	Sender ID: 1
	Receiver ID: 0
	Packet Content: Message number 7 from process 1
	Packet Clock:
		t_m: [19 23 18]
		tP_send: [19 23 18]
	Receiver Logical Clock (tP_rcv):
		[21 20 14]
	Status: buffered
	Delivery Condition: [21 20 14] > [19 23 18]

-------------

Current Time: 2023-03-15T13:26:18.259Z
Received Packet Info BEFORE DELIVERED:
	Sender ID: 1
	Receiver ID: 0
	Packet Content: Message number 6 from process 1
	Packet Clock:
		t_m: [17 20 14]
		tP_send: [17 20 14]
	Receiver Logical Clock (tP_rcv):
		[21 20 14]
	Status: delivering
	Delivery Condition: [21 20 14] > [17 20 14]

-------------

Current Time: 2023-03-15T13:26:18.444Z
Received Packet Info BEFORE DELIVERED:
	Sender ID: 2
	Receiver ID: 0
	Packet Content: Message number 6 from process 2
	Packet Clock:
		t_m: [21 25 22]
		tP_send: [21 25 22]
	Receiver Logical Clock (tP_rcv):
		[22 21 14]
	Status: buffered
	Delivery Condition: [22 21 14] > [21 25 22]

-------------

Current Time: 2023-03-15T13:26:18.445Z
Received Packet Info BEFORE DELIVERED FROM BUFFERED:
	Sender ID: 2
	Receiver ID: 0
	Packet Content: Message number 4 from process 2
	Packet Clock:
		t_m: [17 21 14]
		tP_send: [17 21 14]
	Receiver Logical Clock (tP_rcv):
		[22 21 14]
	Status: delivering from buffer
	Delivery Condition: [22 21 14] > [17 21 14]

-------------

Current Time: 2023-03-15T13:26:18.445Z
Received Packet Info BEFORE DELIVERED FROM BUFFERED:
	Sender ID: 1
	Receiver ID: 0
	Packet Content: Message number 7 from process 1
	Packet Clock:
		t_m: [19 23 18]
		tP_send: [19 23 18]
	Receiver Logical Clock (tP_rcv):
		[23 23 18]
	Status: delivering from buffer
	Delivery Condition: [23 23 18] > [19 23 18]

-------------

Current Time: 2023-03-15T13:26:18.446Z
Received Packet Info BEFORE DELIVERED:
	Sender ID: 2
	Receiver ID: 0
	Packet Content: Message number 5 from process 2
	Packet Clock:
		t_m: [19 23 18]
		tP_send: [19 23 18]
	Receiver Logical Clock (tP_rcv):
		[24 25 19]
	Status: delivering
	Delivery Condition: [24 25 19] > [19 23 18]

-------------

Current Time: 2023-03-15T13:26:18.666Z
Received Packet Info BEFORE DELIVERED:
	Sender ID: 1
	Receiver ID: 0
	Packet Content: Message number 8 from process 1
	Packet Clock:
		t_m: [19 25 19]
		tP_send: [19 25 19]
	Receiver Logical Clock (tP_rcv):
		[26 25 22]
	Status: delivering
	Delivery Condition: [26 25 22] > [19 25 19]

-------------

Current Time: 2023-03-15T13:26:18.930Z
Received Packet Info BEFORE DELIVERED:
	Sender ID: 1
	Receiver ID: 0
	Packet Content: Message number 9 from process 1
	Packet Clock:
		t_m: [20 28 19]
		tP_send: [20 28 19]
	Receiver Logical Clock (tP_rcv):
		[28 28 22]
	Status: delivering
	Delivery Condition: [28 28 22] > [20 28 19]

-------------

Current Time: 2023-03-15T13:26:19.059Z
Received Packet Info BEFORE DELIVERED:
	Sender ID: 2
	Receiver ID: 0
	Packet Content: Message number 7 from process 2
	Packet Clock:
		t_m: [21 28 25]
		tP_send: [21 28 25]
	Receiver Logical Clock (tP_rcv):
		[29 30 22]
	Status: buffered
	Delivery Condition: [29 30 22] > [21 28 25]

-------------

Current Time: 2023-03-15T13:26:19.059Z
Received Packet Info BEFORE DELIVERED FROM BUFFERED:
	Sender ID: 2
	Receiver ID: 0
	Packet Content: Message number 6 from process 2
	Packet Clock:
		t_m: [21 25 22]
		tP_send: [21 25 22]
	Receiver Logical Clock (tP_rcv):
		[29 30 22]
	Status: delivering from buffer
	Delivery Condition: [29 30 22] > [21 25 22]

-------------

Current Time: 2023-03-15T13:26:19.059Z
Received Packet Info BEFORE DELIVERED FROM BUFFERED:
	Sender ID: 2
	Receiver ID: 0
	Packet Content: Message number 7 from process 2
	Packet Clock:
		t_m: [21 28 25]
		tP_send: [21 28 25]
	Receiver Logical Clock (tP_rcv):
		[30 30 25]
	Status: delivering from buffer
	Delivery Condition: [30 30 25] > [21 28 25]

-------------

Current Time: 2023-03-15T13:26:19.122Z
Received Packet Info BEFORE DELIVERED:
	Sender ID: 1
	Receiver ID: 0
	Packet Content: Message number 10 from process 1
	Packet Clock:
		t_m: [20 30 19]
		tP_send: [20 30 19]
	Receiver Logical Clock (tP_rcv):
		[31 30 28]
	Status: delivering
	Delivery Condition: [31 30 28] > [20 30 19]

-------------

Current Time: 2023-03-15T13:26:19.522Z
Received Packet Info BEFORE DELIVERED:
	Sender ID: 2
	Receiver ID: 0
	Packet Content: Message number 8 from process 2
	Packet Clock:
		t_m: [21 31 28]
		tP_send: [21 31 28]
	Receiver Logical Clock (tP_rcv):
		[33 31 28]
	Status: delivering
	Delivery Condition: [33 31 28] > [21 31 28]

-------------

Current Time: 2023-03-15T13:26:20.115Z
Received Packet Info BEFORE DELIVERED:
	Sender ID: 2
	Receiver ID: 0
	Packet Content: Message number 9 from process 2
	Packet Clock:
		t_m: [21 32 31]
		tP_send: [21 32 31]
	Receiver Logical Clock (tP_rcv):
		[36 32 31]
	Status: delivering
	Delivery Condition: [36 32 31] > [21 32 31]

-------------

Current Time: 2023-03-15T13:26:20.115Z
Received Packet Info BEFORE DELIVERED:
	Sender ID: 1
	Receiver ID: 0
	Packet Content: Message number 11 from process 1
	Packet Clock:
		t_m: [21 32 31]
		tP_send: [21 32 31]
	Receiver Logical Clock (tP_rcv):
		[37 42 38]
	Status: delivering
	Delivery Condition: [37 42 38] > [21 32 31]

-------------

Current Time: 2023-03-15T13:26:20.842Z
Received Packet Info BEFORE DELIVERED:
	Sender ID: 1
	Receiver ID: 0
	Packet Content: Message number 12 from process 1
	Packet Clock:
		t_m: [36 44 38]
		tP_send: [36 44 38]
	Receiver Logical Clock (tP_rcv):
		[42 44 38]
	Status: delivering
	Delivery Condition: [42 44 38] > [36 44 38]

-------------

Current Time: 2023-03-15T13:26:21.032Z
Received Packet Info BEFORE DELIVERED:
	Sender ID: 2
	Receiver ID: 0
	Packet Content: Message number 10 from process 2
	Packet Clock:
		t_m: [36 44 38]
		tP_send: [36 44 38]
	Receiver Logical Clock (tP_rcv):
		[44 49 41]
	Status: delivering
	Delivery Condition: [44 49 41] > [36 44 38]

-------------

Current Time: 2023-03-15T13:26:21.378Z
Received Packet Info BEFORE DELIVERED:
	Sender ID: 1
	Receiver ID: 0
	Packet Content: Message number 13 from process 1
	Packet Clock:
		t_m: [41 49 42]
		tP_send: [41 49 42]
	Receiver Logical Clock (tP_rcv):
		[45 49 42]
	Status: delivering
	Delivery Condition: [45 49 42] > [41 49 42]

-------------

Current Time: 2023-03-15T13:26:21.913Z
Received Packet Info BEFORE DELIVERED:
	Sender ID: 2
	Receiver ID: 0
	Packet Content: Message number 11 from process 2
	Packet Clock:
		t_m: [39 45 42]
		tP_send: [39 45 42]
	Receiver Logical Clock (tP_rcv):
		[48 54 43]
	Status: delivering
	Delivery Condition: [48 54 43] > [39 45 42]

-------------

Current Time: 2023-03-15T13:26:22.199Z
Received Packet Info BEFORE DELIVERED:
	Sender ID: 1
	Receiver ID: 0
	Packet Content: Message number 14 from process 1
	Packet Clock:
		t_m: [44 54 43]
		tP_send: [44 54 43]
	Receiver Logical Clock (tP_rcv):
		[49 54 46]
	Status: delivering
	Delivery Condition: [49 54 46] > [44 54 43]

-------------

Current Time: 2023-03-15T13:26:22.596Z
Received Packet Info BEFORE DELIVERED:
	Sender ID: 2
	Receiver ID: 0
	Packet Content: Message number 12 from process 2
	Packet Clock:
		t_m: [47 58 46]
		tP_send: [47 58 46]
	Receiver Logical Clock (tP_rcv):
		[52 58 46]
	Status: delivering
	Delivery Condition: [52 58 46] > [47 58 46]

-------------

Current Time: 2023-03-15T13:26:22.899Z
Received Packet Info BEFORE DELIVERED:
	Sender ID: 2
	Receiver ID: 0
	Packet Content: Message number 13 from process 2
	Packet Clock:
		t_m: [52 61 54]
		tP_send: [52 61 54]
	Receiver Logical Clock (tP_rcv):
		[53 61 54]
	Status: delivering
	Delivery Condition: [53 61 54] > [52 61 54]

-------------

Current Time: 2023-03-15T13:26:23.026Z
Received Packet Info BEFORE DELIVERED:
	Sender ID: 1
	Receiver ID: 0
	Packet Content: Message number 15 from process 1
	Packet Clock:
		t_m: [47 58 46]
		tP_send: [47 58 46]
	Receiver Logical Clock (tP_rcv):
		[54 61 55]
	Status: delivering
	Delivery Condition: [54 61 55] > [47 58 46]

-------------

Current Time: 2023-03-15T13:26:23.470Z
Received Packet Info BEFORE DELIVERED:
	Sender ID: 2
	Receiver ID: 0
	Packet Content: Message number 14 from process 2
	Packet Clock:
		t_m: [52 62 55]
		tP_send: [52 62 55]
	Receiver Logical Clock (tP_rcv):
		[58 62 55]
	Status: delivering
	Delivery Condition: [58 62 55] > [52 62 55]

-------------

Current Time: 2023-03-15T13:26:24.183Z
Received Packet Info BEFORE DELIVERED:
	Sender ID: 2
	Receiver ID: 0
	Packet Content: Message number 15 from process 2
	Packet Clock:
		t_m: [58 65 60]
		tP_send: [58 65 60]
	Receiver Logical Clock (tP_rcv):
		[61 65 60]
	Status: delivering
	Delivery Condition: [61 65 60] > [58 65 60]

-------------

Current Time: 2023-03-15T13:26:24.892Z
Received Packet Info BEFORE DELIVERED:
	Sender ID: 2
	Receiver ID: 0
	Packet Content: Message number 17 from process 2
	Packet Clock:
		t_m: [60 65 64]
		tP_send: [60 65 64]
	Receiver Logical Clock (tP_rcv):
		[64 65 63]
	Status: buffered
	Delivery Condition: [64 65 63] > [60 65 64]

-------------

Current Time: 2023-03-15T13:26:24.892Z
Received Packet Info BEFORE DELIVERED:
	Sender ID: 2
	Receiver ID: 0
	Packet Content: Message number 16 from process 2
	Packet Clock:
		t_m: [60 65 63]
		tP_send: [60 65 63]
	Receiver Logical Clock (tP_rcv):
		[64 65 63]
	Status: delivering
	Delivery Condition: [64 65 63] > [60 65 63]

-------------

Current Time: 2023-03-15T13:26:25.335Z
Received Packet Info BEFORE DELIVERED:
	Sender ID: 1
	Receiver ID: 0
	Packet Content: Message number 18 from process 1
	Packet Clock:
		t_m: [61 72 66]
		tP_send: [61 72 66]
	Receiver Logical Clock (tP_rcv):
		[65 65 64]
	Status: buffered
	Delivery Condition: [65 65 64] > [61 72 66]

-------------

Current Time: 2023-03-15T13:26:25.335Z
Received Packet Info BEFORE DELIVERED FROM BUFFERED:
	Sender ID: 2
	Receiver ID: 0
	Packet Content: Message number 17 from process 2
	Packet Clock:
		t_m: [60 65 64]
		tP_send: [60 65 64]
	Receiver Logical Clock (tP_rcv):
		[65 65 64]
	Status: delivering from buffer
	Delivery Condition: [65 65 64] > [60 65 64]

-------------

Current Time: 2023-03-15T13:26:25.336Z
Received Packet Info BEFORE DELIVERED:
	Sender ID: 1
	Receiver ID: 0
	Packet Content: Message number 17 from process 1
	Packet Clock:
		t_m: [60 68 64]
		tP_send: [60 68 64]
	Receiver Logical Clock (tP_rcv):
		[66 66 68]
	Status: buffered
	Delivery Condition: [66 66 68] > [60 68 64]

-------------

Current Time: 2023-03-15T13:26:25.336Z
Received Packet Info BEFORE DELIVERED:
	Sender ID: 1
	Receiver ID: 0
	Packet Content: Message number 16 from process 1
	Packet Clock:
		t_m: [58 65 60]
		tP_send: [58 65 60]
	Receiver Logical Clock (tP_rcv):
		[66 66 68]
	Status: delivering
	Delivery Condition: [66 66 68] > [58 65 60]

-------------

Current Time: 2023-03-15T13:26:25.363Z
Received Packet Info BEFORE DELIVERED:
	Sender ID: 2
	Receiver ID: 0
	Packet Content: Message number 18 from process 2
	Packet Clock:
		t_m: [64 72 68]
		tP_send: [64 72 68]
	Receiver Logical Clock (tP_rcv):
		[67 68 68]
	Status: buffered
	Delivery Condition: [67 68 68] > [64 72 68]

-------------

Current Time: 2023-03-15T13:26:25.364Z
Received Packet Info BEFORE DELIVERED FROM BUFFERED:
	Sender ID: 1
	Receiver ID: 0
	Packet Content: Message number 17 from process 1
	Packet Clock:
		t_m: [60 68 64]
		tP_send: [60 68 64]
	Receiver Logical Clock (tP_rcv):
		[67 68 68]
	Status: delivering from buffer
	Delivery Condition: [67 68 68] > [60 68 64]

-------------

Current Time: 2023-03-15T13:26:25.364Z
Received Packet Info BEFORE DELIVERED FROM BUFFERED:
	Sender ID: 1
	Receiver ID: 0
	Packet Content: Message number 18 from process 1
	Packet Clock:
		t_m: [61 72 66]
		tP_send: [61 72 66]
	Receiver Logical Clock (tP_rcv):
		[68 72 68]
	Status: delivering from buffer
	Delivery Condition: [68 72 68] > [61 72 66]

-------------

Current Time: 2023-03-15T13:26:25.364Z
Received Packet Info BEFORE DELIVERED FROM BUFFERED:
	Sender ID: 2
	Receiver ID: 0
	Packet Content: Message number 18 from process 2
	Packet Clock:
		t_m: [64 72 68]
		tP_send: [64 72 68]
	Receiver Logical Clock (tP_rcv):
		[69 75 68]
	Status: delivering from buffer
	Delivery Condition: [69 75 68] > [64 72 68]

-------------

Current Time: 2023-03-15T13:26:25.580Z
Received Packet Info BEFORE DELIVERED:
	Sender ID: 1
	Receiver ID: 0
	Packet Content: Message number 19 from process 1
	Packet Clock:
		t_m: [64 75 71]
		tP_send: [64 75 71]
	Receiver Logical Clock (tP_rcv):
		[71 75 71]
	Status: delivering
	Delivery Condition: [71 75 71] > [64 75 71]

-------------

Current Time: 2023-03-15T13:26:25.595Z
Received Packet Info BEFORE DELIVERED:
	Sender ID: 2
	Receiver ID: 0
	Packet Content: Message number 19 from process 2
	Packet Clock:
		t_m: [64 74 71]
		tP_send: [64 74 71]
	Receiver Logical Clock (tP_rcv):
		[72 77 73]
	Status: delivering
	Delivery Condition: [72 77 73] > [64 74 71]

-------------

Current Time: 2023-03-15T13:26:25.818Z
Received Packet Info BEFORE DELIVERED:
	Sender ID: 2
	Receiver ID: 0
	Packet Content: Message number 20 from process 2
	Packet Clock:
		t_m: [71 75 74]
		tP_send: [71 75 74]
	Receiver Logical Clock (tP_rcv):
		[75 77 74]
	Status: delivering
	Delivery Condition: [75 77 74] > [71 75 74]

-------------

Current Time: 2023-03-15T13:26:25.866Z
Received Packet Info BEFORE DELIVERED:
	Sender ID: 1
	Receiver ID: 0
	Packet Content: Message number 20 from process 1
	Packet Clock:
		t_m: [71 77 73]
		tP_send: [71 77 73]
	Receiver Logical Clock (tP_rcv):
		[76 77 76]
	Status: delivering
	Delivery Condition: [76 77 76] > [71 77 73]

-------------

