Current Time: 2023-03-15T13:26:15.181Z
Received Packet Info BEFORE DELIVERED:
	Sender ID: 0
	Receiver ID: 1
	Packet Content: Message number 1 from process 0
	Packet Clock:
		t_m: [-1 -1 -1]
		tP_send: [-1 -1 -1]
	Receiver Logical Clock (tP_rcv):
		[0 1 0]
	Status: delivering
	Delivery Condition: [0 1 0] > [-1 -1 -1]

-------------

Current Time: 2023-03-15T13:26:15.231Z
Received Packet Info BEFORE DELIVERED:
	Sender ID: 2
	Receiver ID: 1
	Packet Content: Message number 1 from process 2
	Packet Clock:
		t_m: [-1 -1 -1]
		tP_send: [-1 -1 -1]
	Receiver Logical Clock (tP_rcv):
		[1 2 0]
	Status: delivering
	Delivery Condition: [1 2 0] > [-1 -1 -1]

-------------

Current Time: 2023-03-15T13:26:15.596Z
Received Packet Info BEFORE DELIVERED:
	Sender ID: 2
	Receiver ID: 1
	Packet Content: Message number 2 from process 2
	Packet Clock:
		t_m: [0 0 2]
		tP_send: [0 0 2]
	Receiver Logical Clock (tP_rcv):
		[1 5 2]
	Status: delivering
	Delivery Condition: [1 5 2] > [0 0 2]

-------------

Current Time: 2023-03-15T13:26:15.627Z
Received Packet Info BEFORE DELIVERED:
	Sender ID: 0
	Receiver ID: 1
	Packet Content: Message number 2 from process 0
	Packet Clock:
		t_m: [1 0 0]
		tP_send: [1 0 0]
	Receiver Logical Clock (tP_rcv):
		[1 6 3]
	Status: delivering
	Delivery Condition: [1 6 3] > [1 0 0]

-------------

Current Time: 2023-03-15T13:26:15.919Z
Received Packet Info BEFORE DELIVERED:
	Sender ID: 0
	Receiver ID: 1
	Packet Content: Message number 3 from process 0
	Packet Clock:
		t_m: [6 5 2]
		tP_send: [6 5 2]
	Receiver Logical Clock (tP_rcv):
		[6 9 3]
	Status: delivering
	Delivery Condition: [6 9 3] > [6 5 2]

-------------

Current Time: 2023-03-15T13:26:16.060Z
Received Packet Info BEFORE DELIVERED:
	Sender ID: 0
	Receiver ID: 1
	Packet Content: Message number 4 from process 0
	Packet Clock:
		t_m: [8 5 2]
		tP_send: [8 5 2]
	Receiver Logical Clock (tP_rcv):
		[8 10 3]
	Status: delivering
	Delivery Condition: [8 10 3] > [8 5 2]

-------------

Current Time: 2023-03-15T13:26:16.448Z
Received Packet Info BEFORE DELIVERED:
	Sender ID: 2
	Receiver ID: 1
	Packet Content: Message number 3 from process 2
	Packet Clock:
		t_m: [10 5 3]
		tP_send: [10 5 3]
	Receiver Logical Clock (tP_rcv):
		[10 11 3]
	Status: delivering
	Delivery Condition: [10 11 3] > [10 5 3]

-------------

Current Time: 2023-03-15T13:26:16.506Z
Received Packet Info BEFORE DELIVERED:
	Sender ID: 0
	Receiver ID: 1
	Packet Content: Message number 6 from process 0
	Packet Clock:
		t_m: [13 8 7]
		tP_send: [13 8 7]
	Receiver Logical Clock (tP_rcv):
		[12 13 9]
	Status: buffered
	Delivery Condition: [12 13 9] > [13 8 7]

-------------

Current Time: 2023-03-15T13:26:16.507Z
Received Packet Info BEFORE DELIVERED:
	Sender ID: 0
	Receiver ID: 1
	Packet Content: Message number 5 from process 0
	Packet Clock:
		t_m: [10 5 3]
		tP_send: [10 5 3]
	Receiver Logical Clock (tP_rcv):
		[12 13 9]
	Status: delivering
	Delivery Condition: [12 13 9] > [10 5 3]

-------------

Current Time: 2023-03-15T13:26:17.036Z
Received Packet Info BEFORE DELIVERED:
	Sender ID: 0
	Receiver ID: 1
	Packet Content: Message number 7 from process 0
	Packet Clock:
		t_m: [14 8 9]
		tP_send: [14 8 9]
	Receiver Logical Clock (tP_rcv):
		[13 16 9]
	Status: buffered
	Delivery Condition: [13 16 9] > [14 8 9]

-------------

Current Time: 2023-03-15T13:26:17.037Z
Received Packet Info BEFORE DELIVERED FROM BUFFERED:
	Sender ID: 0
	Receiver ID: 1
	Packet Content: Message number 6 from process 0
	Packet Clock:
		t_m: [13 8 7]
		tP_send: [13 8 7]
	Receiver Logical Clock (tP_rcv):
		[13 16 9]
	Status: delivering from buffer
	Delivery Condition: [13 16 9] > [13 8 7]

-------------

Current Time: 2023-03-15T13:26:17.037Z
Received Packet Info BEFORE DELIVERED FROM BUFFERED:
	Sender ID: 0
	Receiver ID: 1
	Packet Content: Message number 7 from process 0
	Packet Clock:
		t_m: [14 8 9]
		tP_send: [14 8 9]
	Receiver Logical Clock (tP_rcv):
		[14 17 9]
	Status: delivering from buffer
	Delivery Condition: [14 17 9] > [14 8 9]

-------------

Current Time: 2023-03-15T13:26:17.092Z
Received Packet Info BEFORE DELIVERED:
	Sender ID: 2
	Receiver ID: 1
	Packet Content: Message number 4 from process 2
	Packet Clock:
		t_m: [12 8 9]
		tP_send: [12 8 9]
	Receiver Logical Clock (tP_rcv):
		[17 18 13]
	Status: delivering
	Delivery Condition: [17 18 13] > [12 8 9]

-------------

Current Time: 2023-03-15T13:26:17.464Z
Received Packet Info BEFORE DELIVERED:
	Sender ID: 2
	Receiver ID: 1
	Packet Content: Message number 5 from process 2
	Packet Clock:
		t_m: [17 16 14]
		tP_send: [17 16 14]
	Receiver Logical Clock (tP_rcv):
		[17 21 14]
	Status: delivering
	Delivery Condition: [17 21 14] > [17 16 14]

-------------

Current Time: 2023-03-15T13:26:18.014Z
Received Packet Info BEFORE DELIVERED:
	Sender ID: 2
	Receiver ID: 1
	Packet Content: Message number 6 from process 2
	Packet Clock:
		t_m: [19 20 16]
		tP_send: [19 20 16]
	Receiver Logical Clock (tP_rcv):
		[19 23 16]
	Status: delivering
	Delivery Condition: [19 23 16] > [19 20 16]

-------------

Current Time: 2023-03-15T13:26:18.226Z
Received Packet Info BEFORE DELIVERED:
	Sender ID: 2
	Receiver ID: 1
	Packet Content: Message number 7 from process 2
	Packet Clock:
		t_m: [20 23 19]
		tP_send: [20 23 19]
	Receiver Logical Clock (tP_rcv):
		[19 24 19]
	Status: buffered
	Delivery Condition: [19 24 19] > [20 23 19]

-------------

Current Time: 2023-03-15T13:26:18.367Z
Received Packet Info BEFORE DELIVERED:
	Sender ID: 2
	Receiver ID: 1
	Packet Content: Message number 8 from process 2
	Packet Clock:
		t_m: [21 23 21]
		tP_send: [21 23 21]
	Receiver Logical Clock (tP_rcv):
		[19 25 19]
	Status: buffered
	Delivery Condition: [19 25 19] > [21 23 21]

-------------

Current Time: 2023-03-15T13:26:18.492Z
Received Packet Info BEFORE DELIVERED:
	Sender ID: 2
	Receiver ID: 1
	Packet Content: Message number 9 from process 2
	Packet Clock:
		t_m: [21 23 23]
		tP_send: [21 23 23]
	Receiver Logical Clock (tP_rcv):
		[19 26 19]
	Status: buffered
	Delivery Condition: [19 26 19] > [21 23 23]

-------------

Current Time: 2023-03-15T13:26:18.521Z
Received Packet Info BEFORE DELIVERED:
	Sender ID: 0
	Receiver ID: 1
	Packet Content: Message number 9 from process 0
	Packet Clock:
		t_m: [21 23 21]
		tP_send: [21 23 21]
	Receiver Logical Clock (tP_rcv):
		[19 26 19]
	Status: buffered
	Delivery Condition: [19 26 19] > [21 23 21]

-------------

Current Time: 2023-03-15T13:26:18.521Z
Received Packet Info BEFORE DELIVERED:
	Sender ID: 0
	Receiver ID: 1
	Packet Content: Message number 8 from process 0
	Packet Clock:
		t_m: [17 16 13]
		tP_send: [17 16 13]
	Receiver Logical Clock (tP_rcv):
		[19 26 19]
	Status: delivering
	Delivery Condition: [19 26 19] > [17 16 13]

-------------

Current Time: 2023-03-15T13:26:19.330Z
Received Packet Info BEFORE DELIVERED:
	Sender ID: 0
	Receiver ID: 1
	Packet Content: Message number 10 from process 0
	Packet Clock:
		t_m: [26 26 26]
		tP_send: [26 26 26]
	Receiver Logical Clock (tP_rcv):
		[20 32 19]
	Status: buffered
	Delivery Condition: [20 32 19] > [26 26 26]

-------------

Current Time: 2023-03-15T13:26:19.330Z
Received Packet Info BEFORE DELIVERED FROM BUFFERED:
	Sender ID: 2
	Receiver ID: 1
	Packet Content: Message number 7 from process 2
	Packet Clock:
		t_m: [20 23 19]
		tP_send: [20 23 19]
	Receiver Logical Clock (tP_rcv):
		[20 32 19]
	Status: delivering from buffer
	Delivery Condition: [20 32 19] > [20 23 19]

-------------

Current Time: 2023-03-15T13:26:19.331Z
Received Packet Info BEFORE DELIVERED FROM BUFFERED:
	Sender ID: 2
	Receiver ID: 1
	Packet Content: Message number 8 from process 2
	Packet Clock:
		t_m: [21 23 21]
		tP_send: [21 23 21]
	Receiver Logical Clock (tP_rcv):
		[21 33 21]
	Status: delivering from buffer
	Delivery Condition: [21 33 21] > [21 23 21]

-------------

Current Time: 2023-03-15T13:26:19.333Z
Received Packet Info BEFORE DELIVERED FROM BUFFERED:
	Sender ID: 2
	Receiver ID: 1
	Packet Content: Message number 9 from process 2
	Packet Clock:
		t_m: [21 23 23]
		tP_send: [21 23 23]
	Receiver Logical Clock (tP_rcv):
		[21 34 23]
	Status: delivering from buffer
	Delivery Condition: [21 34 23] > [21 23 23]

-------------

Current Time: 2023-03-15T13:26:19.334Z
Received Packet Info BEFORE DELIVERED FROM BUFFERED:
	Sender ID: 0
	Receiver ID: 1
	Packet Content: Message number 9 from process 0
	Packet Clock:
		t_m: [21 23 21]
		tP_send: [21 23 21]
	Receiver Logical Clock (tP_rcv):
		[21 35 26]
	Status: delivering from buffer
	Delivery Condition: [21 35 26] > [21 23 21]

-------------

Current Time: 2023-03-15T13:26:19.335Z
Received Packet Info BEFORE DELIVERED FROM BUFFERED:
	Sender ID: 0
	Receiver ID: 1
	Packet Content: Message number 10 from process 0
	Packet Clock:
		t_m: [26 26 26]
		tP_send: [26 26 26]
	Receiver Logical Clock (tP_rcv):
		[26 36 26]
	Status: delivering from buffer
	Delivery Condition: [26 36 26] > [26 26 26]

-------------

Current Time: 2023-03-15T13:26:19.345Z
Received Packet Info BEFORE DELIVERED:
	Sender ID: 2
	Receiver ID: 1
	Packet Content: Message number 10 from process 2
	Packet Clock:
		t_m: [21 26 26]
		tP_send: [21 26 26]
	Receiver Logical Clock (tP_rcv):
		[33 37 28]
	Status: delivering
	Delivery Condition: [33 37 28] > [21 26 26]

-------------

Current Time: 2023-03-15T13:26:19.549Z
Received Packet Info BEFORE DELIVERED:
	Sender ID: 2
	Receiver ID: 1
	Packet Content: Message number 11 from process 2
	Packet Clock:
		t_m: [21 32 30]
		tP_send: [21 32 30]
	Receiver Logical Clock (tP_rcv):
		[33 38 30]
	Status: delivering
	Delivery Condition: [33 38 30] > [21 32 30]

-------------

Current Time: 2023-03-15T13:26:19.935Z
Received Packet Info BEFORE DELIVERED:
	Sender ID: 0
	Receiver ID: 1
	Packet Content: Message number 11 from process 0
	Packet Clock:
		t_m: [33 32 30]
		tP_send: [33 32 30]
	Receiver Logical Clock (tP_rcv):
		[33 42 32]
	Status: delivering
	Delivery Condition: [33 42 32] > [33 32 30]

-------------

Current Time: 2023-03-15T13:26:20.328Z
Received Packet Info BEFORE DELIVERED:
	Sender ID: 2
	Receiver ID: 1
	Packet Content: Message number 12 from process 2
	Packet Clock:
		t_m: [36 32 32]
		tP_send: [36 32 32]
	Receiver Logical Clock (tP_rcv):
		[36 45 32]
	Status: delivering
	Delivery Condition: [36 45 32] > [36 32 32]

-------------

Current Time: 2023-03-15T13:26:20.424Z
Received Packet Info BEFORE DELIVERED:
	Sender ID: 0
	Receiver ID: 1
	Packet Content: Message number 12 from process 0
	Packet Clock:
		t_m: [36 32 32]
		tP_send: [36 32 32]
	Receiver Logical Clock (tP_rcv):
		[39 46 41]
	Status: delivering
	Delivery Condition: [39 46 41] > [36 32 32]

-------------

Current Time: 2023-03-15T13:26:20.547Z
Received Packet Info BEFORE DELIVERED:
	Sender ID: 0
	Receiver ID: 1
	Packet Content: Message number 13 from process 0
	Packet Clock:
		t_m: [40 44 38]
		tP_send: [40 44 38]
	Receiver Logical Clock (tP_rcv):
		[40 47 41]
	Status: delivering
	Delivery Condition: [40 47 41] > [40 44 38]

-------------

Current Time: 2023-03-15T13:26:20.856Z
Received Packet Info BEFORE DELIVERED:
	Sender ID: 0
	Receiver ID: 1
	Packet Content: Message number 14 from process 0
	Packet Clock:
		t_m: [41 44 38]
		tP_send: [41 44 38]
	Receiver Logical Clock (tP_rcv):
		[41 49 41]
	Status: delivering
	Delivery Condition: [41 49 41] > [41 44 38]

-------------

Current Time: 2023-03-15T13:26:21.143Z
Received Packet Info BEFORE DELIVERED:
	Sender ID: 2
	Receiver ID: 1
	Packet Content: Message number 13 from process 2
	Packet Clock:
		t_m: [39 45 41]
		tP_send: [39 45 41]
	Receiver Logical Clock (tP_rcv):
		[44 51 41]
	Status: delivering
	Delivery Condition: [44 51 41] > [39 45 41]

-------------

Current Time: 2023-03-15T13:26:21.505Z
Received Packet Info BEFORE DELIVERED:
	Sender ID: 2
	Receiver ID: 1
	Packet Content: Message number 14 from process 2
	Packet Clock:
		t_m: [39 45 43]
		tP_send: [39 45 43]
	Receiver Logical Clock (tP_rcv):
		[44 54 43]
	Status: delivering
	Delivery Condition: [44 54 43] > [39 45 43]

-------------

Current Time: 2023-03-15T13:26:21.551Z
Received Packet Info BEFORE DELIVERED:
	Sender ID: 0
	Receiver ID: 1
	Packet Content: Message number 15 from process 0
	Packet Clock:
		t_m: [44 49 41]
		tP_send: [44 49 41]
	Receiver Logical Clock (tP_rcv):
		[44 55 44]
	Status: delivering
	Delivery Condition: [44 55 44] > [44 49 41]

-------------

Current Time: 2023-03-15T13:26:22.390Z
Received Packet Info BEFORE DELIVERED:
	Sender ID: 0
	Receiver ID: 1
	Packet Content: Message number 16 from process 0
	Packet Clock:
		t_m: [47 54 44]
		tP_send: [47 54 44]
	Receiver Logical Clock (tP_rcv):
		[47 58 44]
	Status: delivering
	Delivery Condition: [47 58 44] > [47 54 44]

-------------

Current Time: 2023-03-15T13:26:22.406Z
Received Packet Info BEFORE DELIVERED:
	Sender ID: 2
	Receiver ID: 1
	Packet Content: Message number 15 from process 2
	Packet Clock:
		t_m: [47 54 44]
		tP_send: [47 54 44]
	Receiver Logical Clock (tP_rcv):
		[51 59 46]
	Status: delivering
	Delivery Condition: [51 59 46] > [47 54 44]

-------------

Current Time: 2023-03-15T13:26:23.045Z
Received Packet Info BEFORE DELIVERED:
	Sender ID: 2
	Receiver ID: 1
	Packet Content: Message number 16 from process 2
	Packet Clock:
		t_m: [51 58 51]
		tP_send: [51 58 51]
	Receiver Logical Clock (tP_rcv):
		[51 62 51]
	Status: delivering
	Delivery Condition: [51 62 51] > [51 58 51]

-------------

Current Time: 2023-03-15T13:26:23.154Z
Received Packet Info BEFORE DELIVERED:
	Sender ID: 0
	Receiver ID: 1
	Packet Content: Message number 17 from process 0
	Packet Clock:
		t_m: [51 58 51]
		tP_send: [51 58 51]
	Receiver Logical Clock (tP_rcv):
		[52 63 56]
	Status: delivering
	Delivery Condition: [52 63 56] > [51 58 51]

-------------

Current Time: 2023-03-15T13:26:23.920Z
Received Packet Info BEFORE DELIVERED:
	Sender ID: 2
	Receiver ID: 1
	Packet Content: Message number 17 from process 2
	Packet Clock:
		t_m: [57 62 56]
		tP_send: [57 62 56]
	Receiver Logical Clock (tP_rcv):
		[57 66 56]
	Status: delivering
	Delivery Condition: [57 66 56] > [57 62 56]

-------------

Current Time: 2023-03-15T13:26:23.977Z
Received Packet Info BEFORE DELIVERED:
	Sender ID: 0
	Receiver ID: 1
	Packet Content: Message number 18 from process 0
	Packet Clock:
		t_m: [57 62 56]
		tP_send: [57 62 56]
	Receiver Logical Clock (tP_rcv):
		[58 68 61]
	Status: delivering
	Delivery Condition: [58 68 61] > [57 62 56]

-------------

Current Time: 2023-03-15T13:26:24.560Z
Received Packet Info BEFORE DELIVERED:
	Sender ID: 2
	Receiver ID: 1
	Packet Content: Message number 18 from process 2
	Packet Clock:
		t_m: [58 65 61]
		tP_send: [58 65 61]
	Receiver Logical Clock (tP_rcv):
		[61 70 61]
	Status: delivering
	Delivery Condition: [61 70 61] > [58 65 61]

-------------

Current Time: 2023-03-15T13:26:24.674Z
Received Packet Info BEFORE DELIVERED:
	Sender ID: 0
	Receiver ID: 1
	Packet Content: Message number 19 from process 0
	Packet Clock:
		t_m: [61 65 61]
		tP_send: [61 65 61]
	Receiver Logical Clock (tP_rcv):
		[61 72 66]
	Status: delivering
	Delivery Condition: [61 72 66] > [61 65 61]

-------------

Current Time: 2023-03-15T13:26:25.478Z
Received Packet Info BEFORE DELIVERED:
	Sender ID: 2
	Receiver ID: 1
	Packet Content: Message number 19 from process 2
	Packet Clock:
		t_m: [63 66 66]
		tP_send: [63 66 66]
	Receiver Logical Clock (tP_rcv):
		[63 75 66]
	Status: delivering
	Delivery Condition: [63 75 66] > [63 66 66]

-------------

Current Time: 2023-03-15T13:26:25.679Z
Received Packet Info BEFORE DELIVERED:
	Sender ID: 0
	Receiver ID: 1
	Packet Content: Message number 20 from process 0
	Packet Clock:
		t_m: [71 75 73]
		tP_send: [71 75 73]
	Receiver Logical Clock (tP_rcv):
		[71 77 73]
	Status: delivering
	Delivery Condition: [71 77 73] > [71 75 73]

-------------

Current Time: 2023-03-15T13:26:26.208Z
Received Packet Info BEFORE DELIVERED:
	Sender ID: 2
	Receiver ID: 1
	Packet Content: Message number 20 from process 2
	Packet Clock:
		t_m: [74 77 74]
		tP_send: [74 77 74]
	Receiver Logical Clock (tP_rcv):
		[74 79 74]
	Status: delivering
	Delivery Condition: [74 79 74] > [74 77 74]

-------------

