Current Time: 2023-03-11T15:50:05.565Z
Send Packet Info:
	Sender ID: 1
	Receiver ID: 0
	Packet Content: Message number 1 from process 1
	Sender Clock:
		Local logical clock:[0 1 0]
		Local process vectors:

-------------

Current Time: 2023-03-11T15:50:06.068Z
Send Packet Info:
	Sender ID: 1
	Receiver ID: 2
	Packet Content: Message number 1 from process 1
	Sender Clock:
		Local logical clock:[0 4 3]
		Local process vectors:
			<P_0: [0 1 2]>

-------------

Current Time: 2023-03-11T15:50:06.183Z
Send Packet Info:
	Sender ID: 1
	Receiver ID: 0
	Packet Content: Message number 2 from process 1
	Sender Clock:
		Local logical clock:[0 5 3]
		Local process vectors:
			<P_0: [0 1 2]>
			<P_2: [0 4 3]>

-------------

Current Time: 2023-03-11T15:50:06.366Z
Send Packet Info:
	Sender ID: 1
	Receiver ID: 2
	Packet Content: Message number 2 from process 1
	Sender Clock:
		Local logical clock:[0 6 3]
		Local process vectors:
			<P_0: [0 5 3]>
			<P_2: [0 4 3]>

-------------

Current Time: 2023-03-11T15:50:06.631Z
Send Packet Info:
	Sender ID: 1
	Receiver ID: 0
	Packet Content: Message number 3 from process 1
	Sender Clock:
		Local logical clock:[0 7 3]
		Local process vectors:
			<P_0: [0 5 3]>
			<P_2: [0 6 3]>

-------------

Current Time: 2023-03-11T15:50:07.131Z
Send Packet Info:
	Sender ID: 1
	Receiver ID: 0
	Packet Content: Message number 4 from process 1
	Sender Clock:
		Local logical clock:[0 8 3]
		Local process vectors:
			<P_0: [0 7 3]>
			<P_2: [0 6 3]>

-------------

Current Time: 2023-03-11T15:50:07.259Z
Send Packet Info:
	Sender ID: 1
	Receiver ID: 2
	Packet Content: Message number 3 from process 1
	Sender Clock:
		Local logical clock:[0 9 3]
		Local process vectors:
			<P_0: [0 8 3]>
			<P_2: [0 6 3]>

-------------

Current Time: 2023-03-11T15:50:07.652Z
Send Packet Info:
	Sender ID: 1
	Receiver ID: 2
	Packet Content: Message number 4 from process 1
	Sender Clock:
		Local logical clock:[0 10 3]
		Local process vectors:
			<P_0: [0 8 3]>
			<P_2: [0 9 3]>

-------------

Current Time: 2023-03-11T15:50:08.012Z
Send Packet Info:
	Sender ID: 1
	Receiver ID: 0
	Packet Content: Message number 5 from process 1
	Sender Clock:
		Local logical clock:[0 11 3]
		Local process vectors:
			<P_0: [0 8 3]>
			<P_2: [0 10 3]>

-------------

Current Time: 2023-03-11T15:50:08.363Z
Send Packet Info:
	Sender ID: 1
	Receiver ID: 2
	Packet Content: Message number 5 from process 1
	Sender Clock:
		Local logical clock:[0 12 3]
		Local process vectors:
			<P_0: [0 11 3]>
			<P_2: [0 10 3]>

-------------

Current Time: 2023-03-11T15:50:08.659Z
Send Packet Info:
	Sender ID: 1
	Receiver ID: 0
	Packet Content: Message number 6 from process 1
	Sender Clock:
		Local logical clock:[0 13 3]
		Local process vectors:
			<P_0: [0 11 3]>
			<P_2: [0 12 3]>

-------------

Current Time: 2023-03-11T15:50:08.737Z
Send Packet Info:
	Sender ID: 1
	Receiver ID: 2
	Packet Content: Message number 6 from process 1
	Sender Clock:
		Local logical clock:[0 14 3]
		Local process vectors:
			<P_0: [0 13 3]>
			<P_2: [0 12 3]>

-------------

Current Time: 2023-03-11T15:50:09.381Z
Send Packet Info:
	Sender ID: 1
	Receiver ID: 0
	Packet Content: Message number 7 from process 1
	Sender Clock:
		Local logical clock:[0 15 3]
		Local process vectors:
			<P_0: [0 13 3]>
			<P_2: [0 14 3]>

-------------

Current Time: 2023-03-11T15:50:09.569Z
Send Packet Info:
	Sender ID: 1
	Receiver ID: 2
	Packet Content: Message number 7 from process 1
	Sender Clock:
		Local logical clock:[0 16 3]
		Local process vectors:
			<P_0: [0 15 3]>
			<P_2: [0 14 3]>

-------------

Current Time: 2023-03-11T15:50:10.241Z
Send Packet Info:
	Sender ID: 1
	Receiver ID: 0
	Packet Content: Message number 8 from process 1
	Sender Clock:
		Local logical clock:[0 17 3]
		Local process vectors:
			<P_0: [0 15 3]>
			<P_2: [0 16 3]>

-------------

Current Time: 2023-03-11T15:50:10.398Z
Send Packet Info:
	Sender ID: 1
	Receiver ID: 2
	Packet Content: Message number 8 from process 1
	Sender Clock:
		Local logical clock:[0 18 3]
		Local process vectors:
			<P_0: [0 17 3]>
			<P_2: [0 16 3]>

-------------

Current Time: 2023-03-11T15:50:10.632Z
Send Packet Info:
	Sender ID: 1
	Receiver ID: 2
	Packet Content: Message number 9 from process 1
	Sender Clock:
		Local logical clock:[0 19 3]
		Local process vectors:
			<P_0: [0 17 3]>
			<P_2: [0 18 3]>

-------------

Current Time: 2023-03-11T15:50:10.802Z
Send Packet Info:
	Sender ID: 1
	Receiver ID: 0
	Packet Content: Message number 9 from process 1
	Sender Clock:
		Local logical clock:[0 20 3]
		Local process vectors:
			<P_0: [0 17 3]>
			<P_2: [0 19 3]>

-------------

Current Time: 2023-03-11T15:50:10.895Z
Send Packet Info:
	Sender ID: 1
	Receiver ID: 2
	Packet Content: Message number 10 from process 1
	Sender Clock:
		Local logical clock:[0 21 3]
		Local process vectors:
			<P_0: [0 20 3]>
			<P_2: [0 19 3]>

-------------

Current Time: 2023-03-11T15:50:11.097Z
Send Packet Info:
	Sender ID: 1
	Receiver ID: 2
	Packet Content: Message number 11 from process 1
	Sender Clock:
		Local logical clock:[0 22 3]
		Local process vectors:
			<P_0: [0 20 3]>
			<P_2: [0 21 3]>

-------------

Current Time: 2023-03-11T15:50:11.318Z
Send Packet Info:
	Sender ID: 1
	Receiver ID: 2
	Packet Content: Message number 12 from process 1
	Sender Clock:
		Local logical clock:[0 23 3]
		Local process vectors:
			<P_0: [0 20 3]>
			<P_2: [0 22 3]>

-------------

Current Time: 2023-03-11T15:50:11.552Z
Send Packet Info:
	Sender ID: 1
	Receiver ID: 2
	Packet Content: Message number 13 from process 1
	Sender Clock:
		Local logical clock:[0 24 3]
		Local process vectors:
			<P_0: [0 20 3]>
			<P_2: [0 23 3]>

-------------

Current Time: 2023-03-11T15:50:11.706Z
Send Packet Info:
	Sender ID: 1
	Receiver ID: 0
	Packet Content: Message number 10 from process 1
	Sender Clock:
		Local logical clock:[0 25 3]
		Local process vectors:
			<P_0: [0 20 3]>
			<P_2: [0 24 3]>

-------------

Current Time: 2023-03-11T15:50:12.517Z
Send Packet Info:
	Sender ID: 1
	Receiver ID: 2
	Packet Content: Message number 14 from process 1
	Sender Clock:
		Local logical clock:[0 26 3]
		Local process vectors:
			<P_0: [0 25 3]>
			<P_2: [0 24 3]>

-------------

Current Time: 2023-03-11T15:50:12.705Z
Send Packet Info:
	Sender ID: 1
	Receiver ID: 0
	Packet Content: Message number 11 from process 1
	Sender Clock:
		Local logical clock:[0 27 3]
		Local process vectors:
			<P_0: [0 25 3]>
			<P_2: [0 26 3]>

-------------

Current Time: 2023-03-11T15:50:12.800Z
Send Packet Info:
	Sender ID: 1
	Receiver ID: 2
	Packet Content: Message number 15 from process 1
	Sender Clock:
		Local logical clock:[0 28 3]
		Local process vectors:
			<P_0: [0 27 3]>
			<P_2: [0 26 3]>

-------------

Current Time: 2023-03-11T15:50:13.096Z
Send Packet Info:
	Sender ID: 1
	Receiver ID: 2
	Packet Content: Message number 16 from process 1
	Sender Clock:
		Local logical clock:[0 29 3]
		Local process vectors:
			<P_0: [0 27 3]>
			<P_2: [0 28 3]>

-------------

Current Time: 2023-03-11T15:50:13.396Z
Send Packet Info:
	Sender ID: 1
	Receiver ID: 0
	Packet Content: Message number 12 from process 1
	Sender Clock:
		Local logical clock:[0 30 3]
		Local process vectors:
			<P_0: [0 27 3]>
			<P_2: [0 29 3]>

-------------

Current Time: 2023-03-11T15:50:13.612Z
Send Packet Info:
	Sender ID: 1
	Receiver ID: 2
	Packet Content: Message number 17 from process 1
	Sender Clock:
		Local logical clock:[0 31 3]
		Local process vectors:
			<P_0: [0 30 3]>
			<P_2: [0 29 3]>

-------------

Current Time: 2023-03-11T15:50:13.953Z
Send Packet Info:
	Sender ID: 1
	Receiver ID: 0
	Packet Content: Message number 13 from process 1
	Sender Clock:
		Local logical clock:[0 32 3]
		Local process vectors:
			<P_0: [0 30 3]>
			<P_2: [0 31 3]>

-------------

Current Time: 2023-03-11T15:50:14.158Z
Send Packet Info:
	Sender ID: 1
	Receiver ID: 2
	Packet Content: Message number 18 from process 1
	Sender Clock:
		Local logical clock:[0 33 3]
		Local process vectors:
			<P_0: [0 32 3]>
			<P_2: [0 31 3]>

-------------

Current Time: 2023-03-11T15:50:14.532Z
Send Packet Info:
	Sender ID: 1
	Receiver ID: 0
	Packet Content: Message number 14 from process 1
	Sender Clock:
		Local logical clock:[0 34 3]
		Local process vectors:
			<P_0: [0 32 3]>
			<P_2: [0 33 3]>

-------------

Current Time: 2023-03-11T15:50:14.859Z
Send Packet Info:
	Sender ID: 1
	Receiver ID: 2
	Packet Content: Message number 19 from process 1
	Sender Clock:
		Local logical clock:[0 35 3]
		Local process vectors:
			<P_0: [0 34 3]>
			<P_2: [0 33 3]>

-------------

Current Time: 2023-03-11T15:50:15.520Z
Send Packet Info:
	Sender ID: 1
	Receiver ID: 0
	Packet Content: Message number 15 from process 1
	Sender Clock:
		Local logical clock:[40 69 47]
		Local process vectors:
			<P_0: [34 34 46]>
			<P_2: [38 35 3]>

-------------

Current Time: 2023-03-11T15:50:15.860Z
Send Packet Info:
	Sender ID: 1
	Receiver ID: 2
	Packet Content: Message number 20 from process 1
	Sender Clock:
		Local logical clock:[41 71 47]
		Local process vectors:
			<P_0: [40 69 47]>
			<P_2: [38 35 3]>

-------------

Current Time: 2023-03-11T15:50:16.120Z
Send Packet Info:
	Sender ID: 1
	Receiver ID: 0
	Packet Content: Message number 16 from process 1
	Sender Clock:
		Local logical clock:[41 72 47]
		Local process vectors:
			<P_0: [40 69 47]>
			<P_2: [41 71 47]>

-------------

Current Time: 2023-03-11T15:50:16.917Z
Send Packet Info:
	Sender ID: 1
	Receiver ID: 0
	Packet Content: Message number 17 from process 1
	Sender Clock:
		Local logical clock:[41 73 47]
		Local process vectors:
			<P_0: [41 72 47]>
			<P_2: [41 71 47]>

-------------

Current Time: 2023-03-11T15:50:17.856Z
Send Packet Info:
	Sender ID: 1
	Receiver ID: 0
	Packet Content: Message number 18 from process 1
	Sender Clock:
		Local logical clock:[41 74 47]
		Local process vectors:
			<P_0: [41 73 47]>
			<P_2: [41 71 47]>

-------------

Current Time: 2023-03-11T15:50:18.763Z
Send Packet Info:
	Sender ID: 1
	Receiver ID: 0
	Packet Content: Message number 19 from process 1
	Sender Clock:
		Local logical clock:[41 75 47]
		Local process vectors:
			<P_0: [41 74 47]>
			<P_2: [41 71 47]>

-------------

Current Time: 2023-03-11T15:50:19.700Z
Send Packet Info:
	Sender ID: 1
	Receiver ID: 0
	Packet Content: Message number 20 from process 1
	Sender Clock:
		Local logical clock:[41 76 47]
		Local process vectors:
			<P_0: [41 75 47]>
			<P_2: [41 71 47]>

-------------

