Current Time: 2023-03-15T13:26:15.230Z
Send Packet Info:
	Sender ID: 2
	Receiver ID: 0
	Packet Content: Message number 1 from process 2
	Sender Clock:
		Local logical clock:[0 0 1]
		Local process vectors:

-------------

Current Time: 2023-03-15T13:26:15.230Z
Send Packet Info:
	Sender ID: 2
	Receiver ID: 1
	Packet Content: Message number 1 from process 2
	Sender Clock:
		Local logical clock:[0 0 2]
		Local process vectors:
			<P_0: [0 0 1]>

-------------

Current Time: 2023-03-15T13:26:15.592Z
Send Packet Info:
	Sender ID: 2
	Receiver ID: 1
	Packet Content: Message number 2 from process 2
	Sender Clock:
		Local logical clock:[0 0 3]
		Local process vectors:
			<P_0: [0 0 1]>
			<P_1: [0 0 2]>

-------------

Current Time: 2023-03-15T13:26:16.119Z
Send Packet Info:
	Sender ID: 2
	Receiver ID: 0
	Packet Content: Message number 2 from process 2
	Sender Clock:
		Local logical clock:[9 8 7]
		Local process vectors:
			<P_0: [1 5 2]>
			<P_1: [8 5 3]>

-------------

Current Time: 2023-03-15T13:26:16.442Z
Send Packet Info:
	Sender ID: 2
	Receiver ID: 1
	Packet Content: Message number 3 from process 2
	Sender Clock:
		Local logical clock:[12 8 9]
		Local process vectors:
			<P_0: [9 8 7]>
			<P_1: [10 5 3]>

-------------

Current Time: 2023-03-15T13:26:16.983Z
Send Packet Info:
	Sender ID: 2
	Receiver ID: 0
	Packet Content: Message number 3 from process 2
	Sender Clock:
		Local logical clock:[13 16 13]
		Local process vectors:
			<P_0: [12 13 9]>
			<P_1: [12 8 9]>

-------------

Current Time: 2023-03-15T13:26:17.087Z
Send Packet Info:
	Sender ID: 2
	Receiver ID: 1
	Packet Content: Message number 4 from process 2
	Sender Clock:
		Local logical clock:[13 16 14]
		Local process vectors:
			<P_0: [13 16 13]>
			<P_1: [12 8 9]>

-------------

Current Time: 2023-03-15T13:26:17.462Z
Send Packet Info:
	Sender ID: 2
	Receiver ID: 1
	Packet Content: Message number 5 from process 2
	Sender Clock:
		Local logical clock:[19 20 16]
		Local process vectors:
			<P_0: [13 16 13]>
			<P_1: [17 16 14]>

-------------

Current Time: 2023-03-15T13:26:17.876Z
Send Packet Info:
	Sender ID: 2
	Receiver ID: 0
	Packet Content: Message number 4 from process 2
	Sender Clock:
		Local logical clock:[19 23 18]
		Local process vectors:
			<P_0: [17 21 14]>
			<P_1: [19 20 16]>

-------------

Current Time: 2023-03-15T13:26:18.003Z
Send Packet Info:
	Sender ID: 2
	Receiver ID: 1
	Packet Content: Message number 6 from process 2
	Sender Clock:
		Local logical clock:[19 23 19]
		Local process vectors:
			<P_0: [19 23 18]>
			<P_1: [19 20 16]>

-------------

Current Time: 2023-03-15T13:26:18.222Z
Send Packet Info:
	Sender ID: 2
	Receiver ID: 1
	Packet Content: Message number 7 from process 2
	Sender Clock:
		Local logical clock:[21 23 21]
		Local process vectors:
			<P_0: [19 23 18]>
			<P_1: [20 23 19]>

-------------

Current Time: 2023-03-15T13:26:18.285Z
Send Packet Info:
	Sender ID: 2
	Receiver ID: 0
	Packet Content: Message number 5 from process 2
	Sender Clock:
		Local logical clock:[21 23 22]
		Local process vectors:
			<P_0: [19 23 18]>
			<P_1: [21 23 21]>

-------------

Current Time: 2023-03-15T13:26:18.363Z
Send Packet Info:
	Sender ID: 2
	Receiver ID: 1
	Packet Content: Message number 8 from process 2
	Sender Clock:
		Local logical clock:[21 23 23]
		Local process vectors:
			<P_0: [21 23 22]>
			<P_1: [21 23 21]>

-------------

Current Time: 2023-03-15T13:26:18.441Z
Send Packet Info:
	Sender ID: 2
	Receiver ID: 0
	Packet Content: Message number 6 from process 2
	Sender Clock:
		Local logical clock:[21 26 25]
		Local process vectors:
			<P_0: [21 25 22]>
			<P_1: [21 23 23]>

-------------

Current Time: 2023-03-15T13:26:18.487Z
Send Packet Info:
	Sender ID: 2
	Receiver ID: 1
	Packet Content: Message number 9 from process 2
	Sender Clock:
		Local logical clock:[21 26 26]
		Local process vectors:
			<P_0: [21 26 25]>
			<P_1: [21 23 23]>

-------------

Current Time: 2023-03-15T13:26:19.056Z
Send Packet Info:
	Sender ID: 2
	Receiver ID: 0
	Packet Content: Message number 7 from process 2
	Sender Clock:
		Local logical clock:[21 29 28]
		Local process vectors:
			<P_0: [21 28 25]>
			<P_1: [21 26 26]>

-------------

Current Time: 2023-03-15T13:26:19.342Z
Send Packet Info:
	Sender ID: 2
	Receiver ID: 1
	Packet Content: Message number 10 from process 2
	Sender Clock:
		Local logical clock:[21 32 30]
		Local process vectors:
			<P_0: [21 31 28]>
			<P_1: [21 26 26]>

-------------

Current Time: 2023-03-15T13:26:19.513Z
Send Packet Info:
	Sender ID: 2
	Receiver ID: 0
	Packet Content: Message number 8 from process 2
	Sender Clock:
		Local logical clock:[21 32 31]
		Local process vectors:
			<P_0: [21 31 28]>
			<P_1: [21 32 30]>

-------------

Current Time: 2023-03-15T13:26:19.544Z
Send Packet Info:
	Sender ID: 2
	Receiver ID: 1
	Packet Content: Message number 11 from process 2
	Sender Clock:
		Local logical clock:[21 32 32]
		Local process vectors:
			<P_0: [21 32 31]>
			<P_1: [21 32 30]>

-------------

Current Time: 2023-03-15T13:26:20.107Z
Send Packet Info:
	Sender ID: 2
	Receiver ID: 0
	Packet Content: Message number 9 from process 2
	Sender Clock:
		Local logical clock:[35 42 38]
		Local process vectors:
			<P_0: [21 32 31]>
			<P_1: [33 32 32]>

-------------

Current Time: 2023-03-15T13:26:20.326Z
Send Packet Info:
	Sender ID: 2
	Receiver ID: 1
	Packet Content: Message number 12 from process 2
	Sender Clock:
		Local logical clock:[39 45 41]
		Local process vectors:
			<P_0: [36 44 38]>
			<P_1: [36 32 32]>

-------------

Current Time: 2023-03-15T13:26:21.028Z
Send Packet Info:
	Sender ID: 2
	Receiver ID: 0
	Packet Content: Message number 10 from process 2
	Sender Clock:
		Local logical clock:[39 45 42]
		Local process vectors:
			<P_0: [36 44 38]>
			<P_1: [39 45 41]>

-------------

Current Time: 2023-03-15T13:26:21.140Z
Send Packet Info:
	Sender ID: 2
	Receiver ID: 1
	Packet Content: Message number 13 from process 2
	Sender Clock:
		Local logical clock:[39 45 43]
		Local process vectors:
			<P_0: [39 45 42]>
			<P_1: [39 45 41]>

-------------

Current Time: 2023-03-15T13:26:21.500Z
Send Packet Info:
	Sender ID: 2
	Receiver ID: 1
	Packet Content: Message number 14 from process 2
	Sender Clock:
		Local logical clock:[39 45 44]
		Local process vectors:
			<P_0: [39 45 42]>
			<P_1: [39 45 43]>

-------------

Current Time: 2023-03-15T13:26:21.911Z
Send Packet Info:
	Sender ID: 2
	Receiver ID: 0
	Packet Content: Message number 11 from process 2
	Sender Clock:
		Local logical clock:[42 45 46]
		Local process vectors:
			<P_0: [39 45 42]>
			<P_1: [41 45 44]>

-------------

Current Time: 2023-03-15T13:26:22.400Z
Send Packet Info:
	Sender ID: 2
	Receiver ID: 1
	Packet Content: Message number 15 from process 2
	Sender Clock:
		Local logical clock:[48 57 51]
		Local process vectors:
			<P_0: [44 54 46]>
			<P_1: [47 54 44]>

-------------

Current Time: 2023-03-15T13:26:22.594Z
Send Packet Info:
	Sender ID: 2
	Receiver ID: 0
	Packet Content: Message number 12 from process 2
	Sender Clock:
		Local logical clock:[52 61 54]
		Local process vectors:
			<P_0: [47 58 46]>
			<P_1: [51 58 51]>

-------------

Current Time: 2023-03-15T13:26:22.897Z
Send Packet Info:
	Sender ID: 2
	Receiver ID: 0
	Packet Content: Message number 13 from process 2
	Sender Clock:
		Local logical clock:[52 61 55]
		Local process vectors:
			<P_0: [52 61 54]>
			<P_1: [51 58 51]>

-------------

Current Time: 2023-03-15T13:26:23.040Z
Send Packet Info:
	Sender ID: 2
	Receiver ID: 1
	Packet Content: Message number 16 from process 2
	Sender Clock:
		Local logical clock:[52 61 56]
		Local process vectors:
			<P_0: [52 61 55]>
			<P_1: [51 58 51]>

-------------

Current Time: 2023-03-15T13:26:23.466Z
Send Packet Info:
	Sender ID: 2
	Receiver ID: 0
	Packet Content: Message number 14 from process 2
	Sender Clock:
		Local logical clock:[58 65 60]
		Local process vectors:
			<P_0: [52 62 55]>
			<P_1: [57 62 56]>

-------------

Current Time: 2023-03-15T13:26:23.914Z
Send Packet Info:
	Sender ID: 2
	Receiver ID: 1
	Packet Content: Message number 17 from process 2
	Sender Clock:
		Local logical clock:[58 65 61]
		Local process vectors:
			<P_0: [58 65 60]>
			<P_1: [57 62 56]>

-------------

Current Time: 2023-03-15T13:26:24.177Z
Send Packet Info:
	Sender ID: 2
	Receiver ID: 0
	Packet Content: Message number 15 from process 2
	Sender Clock:
		Local logical clock:[60 65 63]
		Local process vectors:
			<P_0: [58 65 60]>
			<P_1: [58 65 61]>

-------------

Current Time: 2023-03-15T13:26:24.417Z
Send Packet Info:
	Sender ID: 2
	Receiver ID: 0
	Packet Content: Message number 16 from process 2
	Sender Clock:
		Local logical clock:[60 65 64]
		Local process vectors:
			<P_0: [60 65 63]>
			<P_1: [58 65 61]>

-------------

Current Time: 2023-03-15T13:26:24.556Z
Send Packet Info:
	Sender ID: 2
	Receiver ID: 1
	Packet Content: Message number 18 from process 2
	Sender Clock:
		Local logical clock:[60 66 66]
		Local process vectors:
			<P_0: [60 65 64]>
			<P_1: [58 65 61]>

-------------

Current Time: 2023-03-15T13:26:24.888Z
Send Packet Info:
	Sender ID: 2
	Receiver ID: 0
	Packet Content: Message number 17 from process 2
	Sender Clock:
		Local logical clock:[64 66 68]
		Local process vectors:
			<P_0: [60 65 64]>
			<P_1: [63 66 66]>

-------------

Current Time: 2023-03-15T13:26:25.360Z
Send Packet Info:
	Sender ID: 2
	Receiver ID: 0
	Packet Content: Message number 18 from process 2
	Sender Clock:
		Local logical clock:[64 74 71]
		Local process vectors:
			<P_0: [64 72 68]>
			<P_1: [63 66 66]>

-------------

Current Time: 2023-03-15T13:26:25.477Z
Send Packet Info:
	Sender ID: 2
	Receiver ID: 1
	Packet Content: Message number 19 from process 2
	Sender Clock:
		Local logical clock:[71 75 73]
		Local process vectors:
			<P_0: [64 74 71]>
			<P_1: [63 66 66]>

-------------

Current Time: 2023-03-15T13:26:25.593Z
Send Packet Info:
	Sender ID: 2
	Receiver ID: 0
	Packet Content: Message number 19 from process 2
	Sender Clock:
		Local logical clock:[71 75 74]
		Local process vectors:
			<P_0: [64 74 71]>
			<P_1: [71 75 73]>

-------------

Current Time: 2023-03-15T13:26:25.816Z
Send Packet Info:
	Sender ID: 2
	Receiver ID: 0
	Packet Content: Message number 20 from process 2
	Sender Clock:
		Local logical clock:[75 77 76]
		Local process vectors:
			<P_0: [71 75 74]>
			<P_1: [74 77 74]>

-------------

Current Time: 2023-03-15T13:26:26.202Z
Send Packet Info:
	Sender ID: 2
	Receiver ID: 1
	Packet Content: Message number 20 from process 2
	Sender Clock:
		Local logical clock:[75 77 77]
		Local process vectors:
			<P_0: [75 77 76]>
			<P_1: [74 77 74]>

-------------

