Current Time: 2023-03-11T15:50:06.070Z
Received Packet Info BEFORE DELIVERED:
	Sender ID: 0
	Receiver ID: 2
	Packet Content: Message number 1 from process 0
	Packet Clock:
		t_m: [-1 -1 -1]
		tP_send: [-1 -1 -1] 
	Receiver Logical Clock (tP_rcv):
		[0 0 3]
	Status: delivering
	Delivery Condition: [0 0 3] > [-1 -1 -1]

-------------

Current Time: 2023-03-11T15:50:06.570Z
Received Packet Info BEFORE DELIVERED:
	Sender ID: 0
	Receiver ID: 2
	Packet Content: Message number 2 from process 0
	Packet Clock:
		t_m: [2 1 0]
		tP_send: [2 1 0]
	Receiver Logical Clock (tP_rcv):
		[2 1 5]
	Status: delivering
	Delivery Condition: [2 1 5] > [2 1 0]

-------------

Current Time: 2023-03-11T15:50:06.974Z
Received Packet Info BEFORE DELIVERED:
	Sender ID: 0
	Receiver ID: 2
	Packet Content: Message number 3 from process 0
	Packet Clock:
		t_m: [4 1 0]
		tP_send: [4 1 0]
	Receiver Logical Clock (tP_rcv):
		[4 1 8]
	Status: delivering
	Delivery Condition: [4 1 8] > [4 1 0]

-------------

Current Time: 2023-03-11T15:50:07.321Z
Received Packet Info BEFORE DELIVERED:
	Sender ID: 0
	Receiver ID: 2
	Packet Content: Message number 4 from process 0
	Packet Clock:
		t_m: [7 1 0]
		tP_send: [7 1 0]
	Receiver Logical Clock (tP_rcv):
		[7 1 11]
	Status: delivering
	Delivery Condition: [7 1 11] > [7 1 0]

-------------

Current Time: 2023-03-11T15:50:07.465Z
Received Packet Info BEFORE DELIVERED:
	Sender ID: 0
	Receiver ID: 2
	Packet Content: Message number 5 from process 0
	Packet Clock:
		t_m: [8 1 0]
		tP_send: [8 1 0]
	Receiver Logical Clock (tP_rcv):
		[8 1 12]
	Status: delivering
	Delivery Condition: [8 1 12] > [8 1 0]

-------------

Current Time: 2023-03-11T15:50:08.333Z
Received Packet Info BEFORE DELIVERED:
	Sender ID: 0
	Receiver ID: 2
	Packet Content: Message number 6 from process 0
	Packet Clock:
		t_m: [9 1 0]
		tP_send: [9 1 0]
	Receiver Logical Clock (tP_rcv):
		[9 1 15]
	Status: delivering
	Delivery Condition: [9 1 15] > [9 1 0]

-------------

Current Time: 2023-03-11T15:50:08.614Z
Received Packet Info BEFORE DELIVERED:
	Sender ID: 0
	Receiver ID: 2
	Packet Content: Message number 7 from process 0
	Packet Clock:
		t_m: [12 1 0]
		tP_send: [12 1 0]
	Receiver Logical Clock (tP_rcv):
		[12 1 18]
	Status: delivering
	Delivery Condition: [12 1 18] > [12 1 0]

-------------

Current Time: 2023-03-11T15:50:09.336Z
Received Packet Info BEFORE DELIVERED:
	Sender ID: 0
	Receiver ID: 2
	Packet Content: Message number 8 from process 0
	Packet Clock:
		t_m: [14 1 0]
		tP_send: [14 1 0]
	Receiver Logical Clock (tP_rcv):
		[14 1 22]
	Status: delivering
	Delivery Condition: [14 1 22] > [14 1 0]

-------------

Current Time: 2023-03-11T15:50:09.509Z
Received Packet Info BEFORE DELIVERED:
	Sender ID: 0
	Receiver ID: 2
	Packet Content: Message number 9 from process 0
	Packet Clock:
		t_m: [16 1 0]
		tP_send: [16 1 0]
	Receiver Logical Clock (tP_rcv):
		[16 1 23]
	Status: delivering
	Delivery Condition: [16 1 23] > [16 1 0]

-------------

Current Time: 2023-03-11T15:50:09.789Z
Received Packet Info BEFORE DELIVERED:
	Sender ID: 0
	Receiver ID: 2
	Packet Content: Message number 10 from process 0
	Packet Clock:
		t_m: [17 1 0]
		tP_send: [17 1 0]
	Receiver Logical Clock (tP_rcv):
		[17 1 26]
	Status: delivering
	Delivery Condition: [17 1 26] > [17 1 0]

-------------

Current Time: 2023-03-11T15:50:10.052Z
Received Packet Info BEFORE DELIVERED:
	Sender ID: 0
	Receiver ID: 2
	Packet Content: Message number 11 from process 0
	Packet Clock:
		t_m: [20 1 0]
		tP_send: [20 1 0]
	Receiver Logical Clock (tP_rcv):
		[20 1 27]
	Status: delivering
	Delivery Condition: [20 1 27] > [20 1 0]

-------------

Current Time: 2023-03-11T15:50:11.004Z
Received Packet Info BEFORE DELIVERED:
	Sender ID: 0
	Receiver ID: 2
	Packet Content: Message number 12 from process 0
	Packet Clock:
		t_m: [22 1 0]
		tP_send: [22 1 0]
	Receiver Logical Clock (tP_rcv):
		[22 1 31]
	Status: delivering
	Delivery Condition: [22 1 31] > [22 1 0]

-------------

Current Time: 2023-03-11T15:50:11.303Z
Received Packet Info BEFORE DELIVERED:
	Sender ID: 0
	Receiver ID: 2
	Packet Content: Message number 13 from process 0
	Packet Clock:
		t_m: [25 1 0]
		tP_send: [25 1 0]
	Receiver Logical Clock (tP_rcv):
		[25 1 33]
	Status: delivering
	Delivery Condition: [25 1 33] > [25 1 0]

-------------

Current Time: 2023-03-11T15:50:12.035Z
Received Packet Info BEFORE DELIVERED:
	Sender ID: 0
	Receiver ID: 2
	Packet Content: Message number 14 from process 0
	Packet Clock:
		t_m: [26 1 0]
		tP_send: [26 1 0]
	Receiver Logical Clock (tP_rcv):
		[26 1 36]
	Status: delivering
	Delivery Condition: [26 1 36] > [26 1 0]

-------------

Current Time: 2023-03-11T15:50:12.158Z
Received Packet Info BEFORE DELIVERED:
	Sender ID: 0
	Receiver ID: 2
	Packet Content: Message number 15 from process 0
	Packet Clock:
		t_m: [28 1 0]
		tP_send: [28 1 0]
	Receiver Logical Clock (tP_rcv):
		[28 1 38]
	Status: delivering
	Delivery Condition: [28 1 38] > [28 1 0]

-------------

Current Time: 2023-03-11T15:50:12.314Z
Received Packet Info BEFORE DELIVERED:
	Sender ID: 0
	Receiver ID: 2
	Packet Content: Message number 16 from process 0
	Packet Clock:
		t_m: [29 1 0]
		tP_send: [29 1 0]
	Receiver Logical Clock (tP_rcv):
		[29 1 41]
	Status: delivering
	Delivery Condition: [29 1 41] > [29 1 0]

-------------

Current Time: 2023-03-11T15:50:12.594Z
Received Packet Info BEFORE DELIVERED:
	Sender ID: 0
	Receiver ID: 2
	Packet Content: Message number 17 from process 0
	Packet Clock:
		t_m: [31 1 0]
		tP_send: [31 1 0]
	Receiver Logical Clock (tP_rcv):
		[31 1 42]
	Status: delivering
	Delivery Condition: [31 1 42] > [31 1 0]

-------------

Current Time: 2023-03-11T15:50:12.863Z
Received Packet Info BEFORE DELIVERED:
	Sender ID: 0
	Receiver ID: 2
	Packet Content: Message number 18 from process 0
	Packet Clock:
		t_m: [33 1 0]
		tP_send: [33 1 0]
	Receiver Logical Clock (tP_rcv):
		[33 1 43]
	Status: delivering
	Delivery Condition: [33 1 43] > [33 1 0]

-------------

Current Time: 2023-03-11T15:50:13.519Z
Received Packet Info BEFORE DELIVERED:
	Sender ID: 0
	Receiver ID: 2
	Packet Content: Message number 19 from process 0
	Packet Clock:
		t_m: [34 1 0]
		tP_send: [34 1 0]
	Receiver Logical Clock (tP_rcv):
		[34 1 47]
	Status: delivering
	Delivery Condition: [34 1 47] > [34 1 0]

-------------

Current Time: 2023-03-11T15:50:13.891Z
Received Packet Info BEFORE DELIVERED:
	Sender ID: 0
	Receiver ID: 2
	Packet Content: Message number 20 from process 0
	Packet Clock:
		t_m: [36 1 0]
		tP_send: [36 1 0]
	Receiver Logical Clock (tP_rcv):
		[36 1 49]
	Status: delivering
	Delivery Condition: [36 1 49] > [36 1 0]

-------------

Current Time: 2023-03-11T15:50:14.166Z
Received Packet Info BEFORE DELIVERED:
	Sender ID: 1
	Receiver ID: 2
	Packet Content: Message number 1 from process 1
	Packet Clock:
		t_m: [-1 -1 -1]
		tP_send: [-1 -1 -1]
	Receiver Logical Clock (tP_rcv):
		[38 1 51]
	Status: delivering
	Delivery Condition: [38 1 51] > [-1 -1 -1]

-------------

Current Time: 2023-03-11T15:50:14.166Z
Received Packet Info BEFORE DELIVERED:
	Sender ID: 1
	Receiver ID: 2
	Packet Content: Message number 4 from process 1
	Packet Clock:
		t_m: [0 9 3]
		tP_send: [0 9 3]
	Receiver Logical Clock (tP_rcv):
		[38 4 52]
	Status: buffered
	Delivery Condition: [38 4 52] > [0 9 3]

-------------

Current Time: 2023-03-11T15:50:14.167Z
Received Packet Info BEFORE DELIVERED:
	Sender ID: 1
	Receiver ID: 2
	Packet Content: Message number 3 from process 1
	Packet Clock:
		t_m: [0 6 3]
		tP_send: [0 6 3]
	Receiver Logical Clock (tP_rcv):
		[38 4 52]
	Status: buffered
	Delivery Condition: [38 4 52] > [0 6 3]

-------------

Current Time: 2023-03-11T15:50:14.167Z
Received Packet Info BEFORE DELIVERED:
	Sender ID: 1
	Receiver ID: 2
	Packet Content: Message number 2 from process 1
	Packet Clock:
		t_m: [0 4 3]
		tP_send: [0 4 3]
	Receiver Logical Clock (tP_rcv):
		[38 4 52]
	Status: delivering
	Delivery Condition: [38 4 52] > [0 4 3]

-------------

Current Time: 2023-03-11T15:50:14.167Z
Received Packet Info BEFORE DELIVERED:
	Sender ID: 1
	Receiver ID: 2
	Packet Content: Message number 5 from process 1
	Packet Clock:
		t_m: [0 10 3]
		tP_send: [0 10 3]
	Receiver Logical Clock (tP_rcv):
		[38 6 53]
	Status: buffered
	Delivery Condition: [38 6 53] > [0 10 3]

-------------

Current Time: 2023-03-11T15:50:14.167Z
Received Packet Info BEFORE DELIVERED FROM BUFFERED:
	Sender ID: 1
	Receiver ID: 2
	Packet Content: Message number 3 from process 1
	Packet Clock:
		t_m: [0 6 3]
		tP_send: [0 6 3]
	Receiver Logical Clock (tP_rcv):
		[38 6 53]
	Status: delivering from buffer
	Delivery Condition: [38 6 53] > [0 6 3]

-------------

Current Time: 2023-03-11T15:50:14.167Z
Received Packet Info BEFORE DELIVERED FROM BUFFERED:
	Sender ID: 1
	Receiver ID: 2
	Packet Content: Message number 4 from process 1
	Packet Clock:
		t_m: [0 9 3]
		tP_send: [0 9 3]
	Receiver Logical Clock (tP_rcv):
		[38 9 54]
	Status: delivering from buffer
	Delivery Condition: [38 9 54] > [0 9 3]

-------------

Current Time: 2023-03-11T15:50:14.167Z
Received Packet Info BEFORE DELIVERED FROM BUFFERED:
	Sender ID: 1
	Receiver ID: 2
	Packet Content: Message number 5 from process 1
	Packet Clock:
		t_m: [0 10 3]
		tP_send: [0 10 3]
	Receiver Logical Clock (tP_rcv):
		[38 10 55]
	Status: delivering from buffer
	Delivery Condition: [38 10 55] > [0 10 3]

-------------

Current Time: 2023-03-11T15:50:14.167Z
Received Packet Info BEFORE DELIVERED:
	Sender ID: 1
	Receiver ID: 2
	Packet Content: Message number 6 from process 1
	Packet Clock:
		t_m: [0 12 3]
		tP_send: [0 12 3]
	Receiver Logical Clock (tP_rcv):
		[38 12 56]
	Status: delivering
	Delivery Condition: [38 12 56] > [0 12 3]

-------------

Current Time: 2023-03-11T15:50:14.168Z
Received Packet Info BEFORE DELIVERED:
	Sender ID: 1
	Receiver ID: 2
	Packet Content: Message number 7 from process 1
	Packet Clock:
		t_m: [0 14 3]
		tP_send: [0 14 3]
	Receiver Logical Clock (tP_rcv):
		[38 14 57]
	Status: delivering
	Delivery Condition: [38 14 57] > [0 14 3]

-------------

Current Time: 2023-03-11T15:50:14.168Z
Received Packet Info BEFORE DELIVERED:
	Sender ID: 1
	Receiver ID: 2
	Packet Content: Message number 8 from process 1
	Packet Clock:
		t_m: [0 16 3]
		tP_send: [0 16 3]
	Receiver Logical Clock (tP_rcv):
		[38 16 58]
	Status: delivering
	Delivery Condition: [38 16 58] > [0 16 3]

-------------

Current Time: 2023-03-11T15:50:14.168Z
Received Packet Info BEFORE DELIVERED:
	Sender ID: 1
	Receiver ID: 2
	Packet Content: Message number 9 from process 1
	Packet Clock:
		t_m: [0 18 3]
		tP_send: [0 18 3]
	Receiver Logical Clock (tP_rcv):
		[38 18 59]
	Status: delivering
	Delivery Condition: [38 18 59] > [0 18 3]

-------------

Current Time: 2023-03-11T15:50:14.168Z
Received Packet Info BEFORE DELIVERED:
	Sender ID: 1
	Receiver ID: 2
	Packet Content: Message number 10 from process 1
	Packet Clock:
		t_m: [0 19 3]
		tP_send: [0 19 3]
	Receiver Logical Clock (tP_rcv):
		[38 19 60]
	Status: delivering
	Delivery Condition: [38 19 60] > [0 19 3]

-------------

Current Time: 2023-03-11T15:50:14.168Z
Received Packet Info BEFORE DELIVERED:
	Sender ID: 1
	Receiver ID: 2
	Packet Content: Message number 11 from process 1
	Packet Clock:
		t_m: [0 21 3]
		tP_send: [0 21 3]
	Receiver Logical Clock (tP_rcv):
		[38 21 61]
	Status: delivering
	Delivery Condition: [38 21 61] > [0 21 3]

-------------

Current Time: 2023-03-11T15:50:14.169Z
Received Packet Info BEFORE DELIVERED:
	Sender ID: 1
	Receiver ID: 2
	Packet Content: Message number 12 from process 1
	Packet Clock:
		t_m: [0 22 3]
		tP_send: [0 22 3]
	Receiver Logical Clock (tP_rcv):
		[38 22 62]
	Status: delivering
	Delivery Condition: [38 22 62] > [0 22 3]

-------------

Current Time: 2023-03-11T15:50:14.169Z
Received Packet Info BEFORE DELIVERED:
	Sender ID: 1
	Receiver ID: 2
	Packet Content: Message number 14 from process 1
	Packet Clock:
		t_m: [0 24 3]
		tP_send: [0 24 3]
	Receiver Logical Clock (tP_rcv):
		[38 23 63]
	Status: buffered
	Delivery Condition: [38 23 63] > [0 24 3]

-------------

Current Time: 2023-03-11T15:50:14.169Z
Received Packet Info BEFORE DELIVERED:
	Sender ID: 1
	Receiver ID: 2
	Packet Content: Message number 13 from process 1
	Packet Clock:
		t_m: [0 23 3]
		tP_send: [0 23 3]
	Receiver Logical Clock (tP_rcv):
		[38 23 63]
	Status: delivering
	Delivery Condition: [38 23 63] > [0 23 3]

-------------

Current Time: 2023-03-11T15:50:14.169Z
Received Packet Info BEFORE DELIVERED:
	Sender ID: 1
	Receiver ID: 2
	Packet Content: Message number 15 from process 1
	Packet Clock:
		t_m: [0 26 3]
		tP_send: [0 26 3]
	Receiver Logical Clock (tP_rcv):
		[38 24 64]
	Status: buffered
	Delivery Condition: [38 24 64] > [0 26 3]

-------------

Current Time: 2023-03-11T15:50:14.169Z
Received Packet Info BEFORE DELIVERED FROM BUFFERED:
	Sender ID: 1
	Receiver ID: 2
	Packet Content: Message number 14 from process 1
	Packet Clock:
		t_m: [0 24 3]
		tP_send: [0 24 3]
	Receiver Logical Clock (tP_rcv):
		[38 24 64]
	Status: delivering from buffer
	Delivery Condition: [38 24 64] > [0 24 3]

-------------

Current Time: 2023-03-11T15:50:14.169Z
Received Packet Info BEFORE DELIVERED FROM BUFFERED:
	Sender ID: 1
	Receiver ID: 2
	Packet Content: Message number 15 from process 1
	Packet Clock:
		t_m: [0 26 3]
		tP_send: [0 26 3]
	Receiver Logical Clock (tP_rcv):
		[38 26 65]
	Status: delivering from buffer
	Delivery Condition: [38 26 65] > [0 26 3]

-------------

Current Time: 2023-03-11T15:50:14.170Z
Received Packet Info BEFORE DELIVERED:
	Sender ID: 1
	Receiver ID: 2
	Packet Content: Message number 16 from process 1
	Packet Clock:
		t_m: [0 28 3]
		tP_send: [0 28 3]
	Receiver Logical Clock (tP_rcv):
		[38 28 66]
	Status: delivering
	Delivery Condition: [38 28 66] > [0 28 3]

-------------

Current Time: 2023-03-11T15:50:14.170Z
Received Packet Info BEFORE DELIVERED:
	Sender ID: 1
	Receiver ID: 2
	Packet Content: Message number 17 from process 1
	Packet Clock:
		t_m: [0 29 3]
		tP_send: [0 29 3]
	Receiver Logical Clock (tP_rcv):
		[38 29 67]
	Status: delivering
	Delivery Condition: [38 29 67] > [0 29 3]

-------------

Current Time: 2023-03-11T15:50:14.170Z
Received Packet Info BEFORE DELIVERED:
	Sender ID: 1
	Receiver ID: 2
	Packet Content: Message number 18 from process 1
	Packet Clock:
		t_m: [0 31 3]
		tP_send: [0 31 3]
	Receiver Logical Clock (tP_rcv):
		[38 31 68]
	Status: delivering
	Delivery Condition: [38 31 68] > [0 31 3]

-------------

Current Time: 2023-03-11T15:50:14.861Z
Received Packet Info BEFORE DELIVERED:
	Sender ID: 1
	Receiver ID: 2
	Packet Content: Message number 19 from process 1
	Packet Clock:
		t_m: [0 33 3]
		tP_send: [0 33 3]
	Receiver Logical Clock (tP_rcv):
		[38 33 74]
	Status: delivering
	Delivery Condition: [38 33 74] > [0 33 3]

-------------

Current Time: 2023-03-11T15:50:15.860Z
Received Packet Info BEFORE DELIVERED:
	Sender ID: 1
	Receiver ID: 2
	Packet Content: Message number 20 from process 1
	Packet Clock:
		t_m: [38 35 3]
		tP_send: [38 35 3]
	Receiver Logical Clock (tP_rcv):
		[38 35 76]
	Status: delivering
	Delivery Condition: [38 35 76] > [38 35 3]

-------------

